nohup: ignoring input
====================================频繁1-项集挖掘====================================

Processing k=1:   0%|          | 0/16071 [00:00<?, ?it/s]
Processing k=1:   2%|▏         | 272/16071 [00:00<00:05, 2707.35it/s]
Processing k=1:   3%|▎         | 543/16071 [00:00<00:10, 1496.73it/s]
Processing k=1:   4%|▍         | 722/16071 [00:00<00:13, 1144.87it/s]
Processing k=1:   5%|▌         | 856/16071 [00:00<00:15, 973.31it/s] 
Processing k=1:   6%|▌         | 965/16071 [00:00<00:17, 855.68it/s]
Processing k=1:   7%|▋         | 1057/16071 [00:01<00:18, 791.66it/s]
Processing k=1:   7%|▋         | 1140/16071 [00:01<00:20, 731.36it/s]
Processing k=1:   8%|▊         | 1215/16071 [00:01<00:21, 694.28it/s]
Processing k=1:   8%|▊         | 1285/16071 [00:01<00:22, 666.77it/s]
Processing k=1:   8%|▊         | 1352/16071 [00:01<00:23, 619.17it/s]
Processing k=1:   9%|▉         | 1414/16071 [00:01<00:25, 581.80it/s]
Processing k=1:   9%|▉         | 1472/16071 [00:01<00:26, 559.84it/s]
Processing k=1:  10%|▉         | 1528/16071 [00:01<00:28, 508.19it/s]
Processing k=1:  10%|▉         | 1579/16071 [00:02<00:29, 494.21it/s]
Processing k=1:  10%|█         | 1629/16071 [00:02<00:29, 494.61it/s]
Processing k=1:  10%|█         | 1679/16071 [00:02<00:31, 462.92it/s]
Processing k=1:  11%|█         | 1726/16071 [00:02<00:31, 459.41it/s]
Processing k=1:  11%|█         | 1772/16071 [00:02<00:33, 426.58it/s]
Processing k=1:  11%|█▏        | 1815/16071 [00:02<00:33, 420.88it/s]
Processing k=1:  12%|█▏        | 1858/16071 [00:02<00:35, 403.67it/s]
Processing k=1:  12%|█▏        | 1899/16071 [00:02<00:38, 369.97it/s]
Processing k=1:  12%|█▏        | 1943/16071 [00:03<00:36, 385.69it/s]
Processing k=1:  12%|█▏        | 1983/16071 [00:03<00:36, 386.65it/s]
Processing k=1:  13%|█▎        | 2023/16071 [00:03<00:36, 388.30it/s]
Processing k=1:  13%|█▎        | 2069/16071 [00:03<00:34, 407.42it/s]
Processing k=1:  13%|█▎        | 2111/16071 [00:03<00:35, 396.18it/s]
Processing k=1:  13%|█▎        | 2151/16071 [00:03<00:36, 377.06it/s]
Processing k=1:  14%|█▎        | 2189/16071 [00:03<00:37, 367.06it/s]
Processing k=1:  14%|█▍        | 2232/16071 [00:03<00:36, 381.53it/s]
Processing k=1:  14%|█▍        | 2271/16071 [00:03<00:36, 374.27it/s]
Processing k=1:  14%|█▍        | 2321/16071 [00:03<00:33, 408.88it/s]
Processing k=1:  15%|█▍        | 2364/16071 [00:04<00:33, 414.57it/s]
Processing k=1:  15%|█▍        | 2406/16071 [00:04<00:34, 401.04it/s]
Processing k=1:  15%|█▌        | 2447/16071 [00:04<00:36, 374.71it/s]
Processing k=1:  15%|█▌        | 2485/16071 [00:04<00:36, 370.99it/s]
Processing k=1:  16%|█▌        | 2523/16071 [00:04<00:38, 350.36it/s]
Processing k=1:  16%|█▌        | 2559/16071 [00:04<00:39, 341.85it/s]
Processing k=1:  16%|█▌        | 2594/16071 [00:04<00:39, 343.90it/s]
Processing k=1:  16%|█▋        | 2630/16071 [00:04<00:39, 343.21it/s]
Processing k=1:  17%|█▋        | 2670/16071 [00:04<00:37, 357.55it/s]
Processing k=1:  17%|█▋        | 2719/16071 [00:05<00:33, 394.65it/s]
Processing k=1:  17%|█▋        | 2761/16071 [00:05<00:33, 401.72it/s]
Processing k=1:  17%|█▋        | 2802/16071 [00:05<00:33, 396.50it/s]
Processing k=1:  18%|█▊        | 2843/16071 [00:05<00:33, 397.97it/s]
Processing k=1:  18%|█▊        | 2883/16071 [00:05<00:34, 383.70it/s]
Processing k=1:  18%|█▊        | 2922/16071 [00:05<00:36, 362.32it/s]
Processing k=1:  18%|█▊        | 2961/16071 [00:05<00:35, 367.34it/s]
Processing k=1:  19%|█▊        | 3002/16071 [00:05<00:34, 377.08it/s]
Processing k=1:  19%|█▉        | 3040/16071 [00:05<00:35, 364.80it/s]
Processing k=1:  19%|█▉        | 3077/16071 [00:06<00:35, 365.08it/s]
Processing k=1:  19%|█▉        | 3122/16071 [00:06<00:33, 385.88it/s]
Processing k=1:  20%|█▉        | 3165/16071 [00:06<00:32, 393.44it/s]
Processing k=1:  20%|█▉        | 3205/16071 [00:06<00:34, 370.43it/s]
Processing k=1:  20%|██        | 3243/16071 [00:06<00:39, 327.95it/s]
Processing k=1:  20%|██        | 3277/16071 [00:06<00:40, 319.19it/s]
Processing k=1:  21%|██        | 3312/16071 [00:06<00:39, 324.90it/s]
Processing k=1:  21%|██        | 3346/16071 [00:06<00:38, 326.75it/s]
Processing k=1:  21%|██        | 3383/16071 [00:06<00:37, 337.82it/s]
Processing k=1:  21%|██▏       | 3420/16071 [00:07<00:36, 346.03it/s]
Processing k=1:  21%|██▏       | 3455/16071 [00:07<00:36, 345.20it/s]
Processing k=1:  22%|██▏       | 3490/16071 [00:07<00:41, 306.16it/s]
Processing k=1:  22%|██▏       | 3522/16071 [00:07<00:52, 239.64it/s]
Processing k=1:  22%|██▏       | 3549/16071 [00:07<00:56, 222.78it/s]
Processing k=1:  22%|██▏       | 3578/16071 [00:07<00:52, 236.91it/s]
Processing k=1:  22%|██▏       | 3604/16071 [00:07<00:52, 236.39it/s]
Processing k=1:  23%|██▎       | 3634/16071 [00:07<00:49, 251.31it/s]
Processing k=1:  23%|██▎       | 3669/16071 [00:08<00:45, 274.82it/s]
Processing k=1:  23%|██▎       | 3710/16071 [00:08<00:40, 308.79it/s]
Processing k=1:  23%|██▎       | 3743/16071 [00:08<00:39, 313.22it/s]
Processing k=1:  23%|██▎       | 3776/16071 [00:08<00:46, 263.32it/s]
Processing k=1:  24%|██▎       | 3805/16071 [00:08<00:51, 239.90it/s]
Processing k=1:  24%|██▍       | 3831/16071 [00:08<00:55, 222.45it/s]
Processing k=1:  24%|██▍       | 3855/16071 [00:08<00:57, 213.42it/s]
Processing k=1:  24%|██▍       | 3878/16071 [00:08<00:57, 211.05it/s]
Processing k=1:  24%|██▍       | 3900/16071 [00:09<00:59, 203.48it/s]
Processing k=1:  24%|██▍       | 3921/16071 [00:09<00:59, 202.57it/s]
Processing k=1:  25%|██▍       | 3944/16071 [00:09<00:58, 207.61it/s]
Processing k=1:  25%|██▍       | 3965/16071 [00:09<01:06, 182.96it/s]
Processing k=1:  25%|██▍       | 3984/16071 [00:09<01:12, 167.17it/s]
Processing k=1:  25%|██▍       | 4002/16071 [00:09<01:16, 157.93it/s]
Processing k=1:  25%|██▌       | 4019/16071 [00:09<01:19, 152.51it/s]
Processing k=1:  25%|██▌       | 4037/16071 [00:09<01:16, 156.82it/s]
Processing k=1:  25%|██▌       | 4053/16071 [00:10<01:16, 157.44it/s]
Processing k=1:  25%|██▌       | 4069/16071 [00:10<01:20, 149.36it/s]
Processing k=1:  25%|██▌       | 4085/16071 [00:10<01:21, 146.39it/s]
Processing k=1:  26%|██▌       | 4101/16071 [00:10<01:20, 149.38it/s]
Processing k=1:  26%|██▌       | 4119/16071 [00:10<01:18, 153.14it/s]
Processing k=1:  26%|██▌       | 4135/16071 [00:10<01:17, 153.43it/s]
Processing k=1:  26%|██▌       | 4151/16071 [00:10<01:23, 143.00it/s]
Processing k=1:  26%|██▌       | 4166/16071 [00:10<01:28, 134.32it/s]
Processing k=1:  26%|██▌       | 4180/16071 [00:10<01:28, 134.56it/s]
Processing k=1:  26%|██▌       | 4194/16071 [00:11<01:35, 124.63it/s]
Processing k=1:  26%|██▌       | 4207/16071 [00:11<01:36, 122.57it/s]
Processing k=1:  26%|██▋       | 4223/16071 [00:11<01:30, 130.68it/s]
Processing k=1:  26%|██▋       | 4239/16071 [00:11<01:26, 137.50it/s]
Processing k=1:  26%|██▋       | 4256/16071 [00:11<01:21, 144.80it/s]
Processing k=1:  27%|██▋       | 4271/16071 [00:11<01:21, 144.74it/s]
Processing k=1:  27%|██▋       | 4286/16071 [00:11<01:24, 140.23it/s]
Processing k=1:  27%|██▋       | 4304/16071 [00:11<01:18, 149.46it/s]
Processing k=1:  27%|██▋       | 4320/16071 [00:11<01:23, 140.70it/s]
Processing k=1:  27%|██▋       | 4335/16071 [00:12<01:29, 130.96it/s]
Processing k=1:  27%|██▋       | 4351/16071 [00:12<01:24, 137.91it/s]
Processing k=1:  27%|██▋       | 4371/16071 [00:12<01:16, 153.26it/s]
Processing k=1:  27%|██▋       | 4392/16071 [00:12<01:09, 167.08it/s]
Processing k=1:  27%|██▋       | 4414/16071 [00:12<01:04, 180.11it/s]
Processing k=1:  28%|██▊       | 4439/16071 [00:12<00:58, 199.80it/s]
Processing k=1:  28%|██▊       | 4460/16071 [00:12<00:57, 201.63it/s]
Processing k=1:  28%|██▊       | 4484/16071 [00:12<00:54, 211.73it/s]
Processing k=1:  28%|██▊       | 4506/16071 [00:12<00:57, 201.35it/s]
Processing k=1:  28%|██▊       | 4530/16071 [00:13<00:55, 209.55it/s]
Processing k=1:  28%|██▊       | 4554/16071 [00:13<00:53, 217.02it/s]
Processing k=1:  28%|██▊       | 4576/16071 [00:13<00:55, 208.62it/s]
Processing k=1:  29%|██▊       | 4599/16071 [00:13<00:53, 213.14it/s]
Processing k=1:  29%|██▉       | 4621/16071 [00:13<00:54, 209.19it/s]
Processing k=1:  29%|██▉       | 4644/16071 [00:13<00:53, 212.68it/s]
Processing k=1:  29%|██▉       | 4668/16071 [00:13<00:52, 217.34it/s]
Processing k=1:  29%|██▉       | 4692/16071 [00:13<00:51, 222.77it/s]
Processing k=1:  29%|██▉       | 4715/16071 [00:13<00:52, 216.80it/s]
Processing k=1:  29%|██▉       | 4737/16071 [00:14<00:53, 212.19it/s]
Processing k=1:  30%|██▉       | 4759/16071 [00:14<00:56, 201.68it/s]
Processing k=1:  30%|██▉       | 4780/16071 [00:14<00:55, 203.61it/s]
Processing k=1:  30%|██▉       | 4803/16071 [00:14<00:53, 210.81it/s]
Processing k=1:  30%|███       | 4825/16071 [00:14<00:56, 198.53it/s]
Processing k=1:  30%|███       | 4846/16071 [00:14<00:58, 191.62it/s]
Processing k=1:  30%|███       | 4868/16071 [00:14<00:56, 197.60it/s]
Processing k=1:  30%|███       | 4891/16071 [00:14<00:54, 204.19it/s]
Processing k=1:  31%|███       | 4912/16071 [00:14<00:56, 198.18it/s]
Processing k=1:  31%|███       | 4932/16071 [00:14<00:56, 198.28it/s]
Processing k=1:  31%|███       | 4952/16071 [00:15<00:57, 194.11it/s]
Processing k=1:  31%|███       | 4972/16071 [00:15<00:58, 190.36it/s]
Processing k=1:  31%|███       | 4992/16071 [00:15<00:57, 192.16it/s]
Processing k=1:  31%|███       | 5016/16071 [00:15<00:54, 203.80it/s]
Processing k=1:  31%|███▏      | 5045/16071 [00:15<00:49, 223.37it/s]
Processing k=1:  32%|███▏      | 5068/16071 [00:15<00:49, 223.07it/s]
Processing k=1:  32%|███▏      | 5091/16071 [00:15<00:50, 218.46it/s]
Processing k=1:  32%|███▏      | 5116/16071 [00:15<00:48, 227.12it/s]
Processing k=1:  32%|███▏      | 5139/16071 [00:15<00:48, 224.06it/s]
Processing k=1:  32%|███▏      | 5162/16071 [00:16<00:49, 220.21it/s]
Processing k=1:  32%|███▏      | 5192/16071 [00:16<00:44, 241.93it/s]
Processing k=1:  32%|███▏      | 5217/16071 [00:16<00:44, 243.15it/s]
Processing k=1:  33%|███▎      | 5242/16071 [00:16<00:46, 234.93it/s]
Processing k=1:  33%|███▎      | 5266/16071 [00:16<00:45, 235.20it/s]
Processing k=1:  33%|███▎      | 5290/16071 [00:16<00:48, 223.39it/s]
Processing k=1:  33%|███▎      | 5313/16071 [00:16<01:04, 167.48it/s]
Processing k=1:  33%|███▎      | 5332/16071 [00:16<01:05, 163.15it/s]
Processing k=1:  33%|███▎      | 5350/16071 [00:17<01:11, 149.55it/s]
Processing k=1:  33%|███▎      | 5367/16071 [00:17<01:15, 141.37it/s]
Processing k=1:  33%|███▎      | 5382/16071 [00:17<01:22, 129.43it/s]
Processing k=1:  34%|███▎      | 5396/16071 [00:17<01:24, 126.42it/s]
Processing k=1:  34%|███▎      | 5409/16071 [00:17<01:27, 121.75it/s]
Processing k=1:  34%|███▎      | 5422/16071 [00:17<01:29, 118.70it/s]
Processing k=1:  34%|███▍      | 5441/16071 [00:17<01:18, 136.24it/s]
Processing k=1:  34%|███▍      | 5460/16071 [00:17<01:10, 150.03it/s]
Processing k=1:  34%|███▍      | 5481/16071 [00:18<01:04, 164.51it/s]
Processing k=1:  34%|███▍      | 5501/16071 [00:18<01:01, 170.72it/s]
Processing k=1:  34%|███▍      | 5520/16071 [00:18<00:59, 176.11it/s]
Processing k=1:  34%|███▍      | 5538/16071 [00:18<01:01, 172.32it/s]
Processing k=1:  35%|███▍      | 5559/16071 [00:18<00:58, 181.14it/s]
Processing k=1:  35%|███▍      | 5578/16071 [00:18<00:57, 183.55it/s]
Processing k=1:  35%|███▍      | 5597/16071 [00:18<00:59, 176.76it/s]
Processing k=1:  35%|███▍      | 5620/16071 [00:18<00:54, 190.83it/s]
Processing k=1:  35%|███▌      | 5640/16071 [00:18<00:54, 192.51it/s]
Processing k=1:  35%|███▌      | 5660/16071 [00:19<00:56, 185.84it/s]
Processing k=1:  35%|███▌      | 5684/16071 [00:19<00:51, 199.84it/s]
Processing k=1:  36%|███▌      | 5706/16071 [00:19<00:51, 203.14it/s]
Processing k=1:  36%|███▌      | 5727/16071 [00:19<00:53, 194.77it/s]
Processing k=1:  36%|███▌      | 5749/16071 [00:19<00:51, 200.82it/s]
Processing k=1:  36%|███▌      | 5774/16071 [00:19<00:48, 211.05it/s]
Processing k=1:  36%|███▌      | 5797/16071 [00:19<00:48, 213.60it/s]
Processing k=1:  36%|███▌      | 5819/16071 [00:19<00:52, 196.57it/s]
Processing k=1:  36%|███▋      | 5839/16071 [00:19<00:55, 185.93it/s]
Processing k=1:  36%|███▋      | 5863/16071 [00:20<00:51, 198.04it/s]
Processing k=1:  37%|███▋      | 5884/16071 [00:20<00:52, 195.45it/s]
Processing k=1:  37%|███▋      | 5908/16071 [00:20<00:49, 206.74it/s]
Processing k=1:  37%|███▋      | 5929/16071 [00:20<00:52, 193.05it/s]
Processing k=1:  37%|███▋      | 5949/16071 [00:20<00:54, 184.33it/s]
Processing k=1:  37%|███▋      | 5971/16071 [00:20<00:52, 193.01it/s]
Processing k=1:  37%|███▋      | 5991/16071 [00:20<00:54, 183.54it/s]
Processing k=1:  37%|███▋      | 6011/16071 [00:20<00:53, 187.38it/s]
Processing k=1:  38%|███▊      | 6030/16071 [00:20<00:55, 182.29it/s]
Processing k=1:  38%|███▊      | 6051/16071 [00:21<00:53, 186.46it/s]
Processing k=1:  38%|███▊      | 6070/16071 [00:21<00:53, 186.24it/s]
Processing k=1:  38%|███▊      | 6089/16071 [00:21<00:56, 176.01it/s]
Processing k=1:  38%|███▊      | 6107/16071 [00:21<00:59, 167.15it/s]
Processing k=1:  38%|███▊      | 6130/16071 [00:21<00:54, 180.75it/s]
Processing k=1:  38%|███▊      | 6151/16071 [00:21<00:52, 187.76it/s]
Processing k=1:  38%|███▊      | 6170/16071 [00:21<00:53, 185.77it/s]
Processing k=1:  39%|███▊      | 6190/16071 [00:21<00:52, 188.05it/s]
Processing k=1:  39%|███▊      | 6209/16071 [00:21<00:53, 185.24it/s]
Processing k=1:  39%|███▉      | 6228/16071 [00:21<00:53, 184.17it/s]
Processing k=1:  39%|███▉      | 6247/16071 [00:22<00:55, 176.23it/s]
Processing k=1:  39%|███▉      | 6265/16071 [00:22<00:56, 174.77it/s]
Processing k=1:  39%|███▉      | 6283/16071 [00:22<01:02, 157.54it/s]
Processing k=1:  39%|███▉      | 6302/16071 [00:22<00:59, 164.61it/s]
Processing k=1:  39%|███▉      | 6319/16071 [00:22<00:59, 164.94it/s]
Processing k=1:  39%|███▉      | 6336/16071 [00:22<00:59, 163.92it/s]
Processing k=1:  40%|███▉      | 6353/16071 [00:22<00:59, 162.93it/s]
Processing k=1:  40%|███▉      | 6372/16071 [00:22<00:57, 169.10it/s]
Processing k=1:  40%|███▉      | 6390/16071 [00:22<00:58, 166.56it/s]
Processing k=1:  40%|███▉      | 6410/16071 [00:23<00:56, 170.59it/s]
Processing k=1:  40%|███▉      | 6428/16071 [00:23<00:59, 162.28it/s]
Processing k=1:  40%|████      | 6445/16071 [00:23<00:58, 164.11it/s]
Processing k=1:  40%|████      | 6462/16071 [00:23<01:01, 156.01it/s]
Processing k=1:  40%|████      | 6479/16071 [00:23<01:00, 158.96it/s]
Processing k=1:  40%|████      | 6496/16071 [00:23<00:59, 161.79it/s]
Processing k=1:  41%|████      | 6516/16071 [00:23<00:55, 171.69it/s]
Processing k=1:  41%|████      | 6535/16071 [00:23<00:54, 173.45it/s]
Processing k=1:  41%|████      | 6554/16071 [00:23<00:53, 177.02it/s]
Processing k=1:  41%|████      | 6572/16071 [00:24<00:55, 172.68it/s]
Processing k=1:  41%|████      | 6590/16071 [00:24<00:57, 164.46it/s]
Processing k=1:  41%|████      | 6607/16071 [00:24<00:57, 164.60it/s]
Processing k=1:  41%|████      | 6624/16071 [00:24<00:58, 160.50it/s]
Processing k=1:  41%|████▏     | 6641/16071 [00:24<00:58, 161.99it/s]
Processing k=1:  41%|████▏     | 6658/16071 [00:24<00:58, 161.47it/s]
Processing k=1:  42%|████▏     | 6675/16071 [00:24<00:59, 157.71it/s]
Processing k=1:  42%|████▏     | 6694/16071 [00:24<00:56, 164.88it/s]
Processing k=1:  42%|████▏     | 6714/16071 [00:24<00:53, 173.97it/s]
Processing k=1:  42%|████▏     | 6732/16071 [00:25<01:10, 132.31it/s]
Processing k=1:  42%|████▏     | 6747/16071 [00:25<01:18, 119.36it/s]
Processing k=1:  42%|████▏     | 6761/16071 [00:25<01:19, 117.12it/s]
Processing k=1:  42%|████▏     | 6774/16071 [00:25<01:24, 110.33it/s]
Processing k=1:  42%|████▏     | 6786/16071 [00:25<01:35, 97.58it/s] 
Processing k=1:  42%|████▏     | 6797/16071 [00:25<01:35, 96.88it/s]
Processing k=1:  42%|████▏     | 6808/16071 [00:25<01:34, 97.56it/s]
Processing k=1:  42%|████▏     | 6819/16071 [00:26<01:34, 97.59it/s]
Processing k=1:  42%|████▏     | 6829/16071 [00:26<01:44, 88.51it/s]
Processing k=1:  43%|████▎     | 6839/16071 [00:26<01:44, 88.01it/s]
Processing k=1:  43%|████▎     | 6849/16071 [00:26<01:41, 90.76it/s]
Processing k=1:  43%|████▎     | 6859/16071 [00:26<01:39, 92.40it/s]
Processing k=1:  43%|████▎     | 6869/16071 [00:26<01:39, 92.70it/s]
Processing k=1:  43%|████▎     | 6879/16071 [00:26<01:45, 87.22it/s]
Processing k=1:  43%|████▎     | 6888/16071 [00:26<01:50, 83.43it/s]
Processing k=1:  43%|████▎     | 6897/16071 [00:26<01:48, 84.37it/s]
Processing k=1:  43%|████▎     | 6906/16071 [00:27<01:49, 83.69it/s]
Processing k=1:  43%|████▎     | 6915/16071 [00:27<01:47, 85.06it/s]
Processing k=1:  43%|████▎     | 6925/16071 [00:27<01:44, 87.71it/s]
Processing k=1:  43%|████▎     | 6936/16071 [00:27<01:37, 93.93it/s]
Processing k=1:  43%|████▎     | 6946/16071 [00:27<01:41, 90.29it/s]
Processing k=1:  43%|████▎     | 6956/16071 [00:27<01:42, 88.90it/s]
Processing k=1:  43%|████▎     | 6965/16071 [00:27<01:42, 88.79it/s]
Processing k=1:  43%|████▎     | 6975/16071 [00:27<01:40, 90.49it/s]
Processing k=1:  43%|████▎     | 6986/16071 [00:27<01:35, 95.58it/s]
Processing k=1:  44%|████▎     | 6996/16071 [00:28<01:38, 91.70it/s]
Processing k=1:  44%|████▎     | 7011/16071 [00:28<01:29, 101.71it/s]
Processing k=1:  44%|████▎     | 7022/16071 [00:28<01:35, 94.76it/s] 
Processing k=1:  44%|████▍     | 7032/16071 [00:28<01:35, 94.31it/s]
Processing k=1:  44%|████▍     | 7042/16071 [00:28<01:36, 93.73it/s]
Processing k=1:  44%|████▍     | 7052/16071 [00:28<01:41, 88.62it/s]
Processing k=1:  44%|████▍     | 7063/16071 [00:28<01:36, 93.24it/s]
Processing k=1:  44%|████▍     | 7078/16071 [00:28<01:25, 105.52it/s]
Processing k=1:  44%|████▍     | 7089/16071 [00:28<01:24, 106.65it/s]
Processing k=1:  44%|████▍     | 7100/16071 [00:29<01:25, 104.53it/s]
Processing k=1:  44%|████▍     | 7111/16071 [00:29<01:28, 101.67it/s]
Processing k=1:  44%|████▍     | 7123/16071 [00:29<01:27, 102.78it/s]
Processing k=1:  44%|████▍     | 7134/16071 [00:29<01:30, 98.93it/s] 
Processing k=1:  44%|████▍     | 7148/16071 [00:29<01:22, 108.74it/s]
Processing k=1:  45%|████▍     | 7168/16071 [00:29<01:07, 131.07it/s]
Processing k=1:  45%|████▍     | 7182/16071 [00:29<01:20, 110.69it/s]
Processing k=1:  45%|████▍     | 7194/16071 [00:29<01:22, 107.35it/s]
Processing k=1:  45%|████▍     | 7206/16071 [00:30<01:21, 108.81it/s]
Processing k=1:  45%|████▍     | 7218/16071 [00:30<01:25, 103.24it/s]
Processing k=1:  45%|████▍     | 7229/16071 [00:30<01:27, 101.63it/s]
Processing k=1:  45%|████▌     | 7240/16071 [00:30<01:28, 99.88it/s] 
Processing k=1:  45%|████▌     | 7251/16071 [00:30<01:29, 98.77it/s]
Processing k=1:  45%|████▌     | 7261/16071 [00:30<01:32, 95.27it/s]
Processing k=1:  45%|████▌     | 7271/16071 [00:30<01:36, 91.40it/s]
Processing k=1:  45%|████▌     | 7281/16071 [00:30<01:46, 82.88it/s]
Processing k=1:  45%|████▌     | 7290/16071 [00:31<01:43, 84.46it/s]
Processing k=1:  45%|████▌     | 7299/16071 [00:31<01:45, 83.40it/s]
Processing k=1:  45%|████▌     | 7309/16071 [00:31<01:41, 86.55it/s]
Processing k=1:  46%|████▌     | 7319/16071 [00:31<01:37, 89.99it/s]
Processing k=1:  46%|████▌     | 7329/16071 [00:31<01:36, 90.36it/s]
Processing k=1:  46%|████▌     | 7341/16071 [00:31<01:30, 96.23it/s]
Processing k=1:  46%|████▌     | 7353/16071 [00:31<01:24, 102.62it/s]
Processing k=1:  46%|████▌     | 7364/16071 [00:31<01:29, 97.59it/s] 
Processing k=1:  46%|████▌     | 7374/16071 [00:31<01:30, 96.38it/s]
Processing k=1:  46%|████▌     | 7385/16071 [00:32<01:27, 98.96it/s]
Processing k=1:  46%|████▌     | 7404/16071 [00:32<01:10, 122.20it/s]
Processing k=1:  46%|████▌     | 7421/16071 [00:32<01:03, 135.74it/s]
Processing k=1:  46%|████▋     | 7437/16071 [00:32<01:01, 140.28it/s]
Processing k=1:  46%|████▋     | 7457/16071 [00:32<00:56, 153.66it/s]
Processing k=1:  47%|████▋     | 7476/16071 [00:32<00:53, 161.99it/s]
Processing k=1:  47%|████▋     | 7493/16071 [00:32<00:57, 149.79it/s]
Processing k=1:  47%|████▋     | 7514/16071 [00:32<00:51, 165.59it/s]
Processing k=1:  47%|████▋     | 7534/16071 [00:32<00:50, 169.60it/s]
Processing k=1:  47%|████▋     | 7552/16071 [00:32<00:51, 164.85it/s]
Processing k=1:  47%|████▋     | 7569/16071 [00:33<00:53, 158.74it/s]
Processing k=1:  47%|████▋     | 7586/16071 [00:33<00:53, 158.10it/s]
Processing k=1:  47%|████▋     | 7602/16071 [00:33<00:54, 156.52it/s]
Processing k=1:  47%|████▋     | 7618/16071 [00:33<00:53, 157.11it/s]
Processing k=1:  48%|████▊     | 7634/16071 [00:33<00:54, 154.17it/s]
Processing k=1:  48%|████▊     | 7650/16071 [00:33<00:54, 155.12it/s]
Processing k=1:  48%|████▊     | 7670/16071 [00:33<00:50, 165.94it/s]
Processing k=1:  48%|████▊     | 7690/16071 [00:33<00:48, 174.14it/s]
Processing k=1:  48%|████▊     | 7708/16071 [00:33<00:49, 169.19it/s]
Processing k=1:  48%|████▊     | 7725/16071 [00:34<00:49, 167.36it/s]
Processing k=1:  48%|████▊     | 7743/16071 [00:34<00:48, 170.43it/s]
Processing k=1:  48%|████▊     | 7762/16071 [00:34<00:47, 173.22it/s]
Processing k=1:  48%|████▊     | 7780/16071 [00:34<00:47, 174.46it/s]
Processing k=1:  49%|████▊     | 7799/16071 [00:34<00:46, 178.19it/s]
Processing k=1:  49%|████▊     | 7817/16071 [00:34<00:49, 167.37it/s]
Processing k=1:  49%|████▊     | 7834/16071 [00:34<00:50, 163.04it/s]
Processing k=1:  49%|████▉     | 7852/16071 [00:34<00:49, 165.14it/s]
Processing k=1:  49%|████▉     | 7869/16071 [00:34<00:49, 165.67it/s]
Processing k=1:  49%|████▉     | 7886/16071 [00:35<00:59, 137.11it/s]
Processing k=1:  49%|████▉     | 7901/16071 [00:35<01:08, 119.38it/s]
Processing k=1:  49%|████▉     | 7914/16071 [00:35<01:14, 108.83it/s]
Processing k=1:  49%|████▉     | 7926/16071 [00:35<01:21, 100.17it/s]
Processing k=1:  49%|████▉     | 7937/16071 [00:35<01:26, 94.33it/s] 
Processing k=1:  49%|████▉     | 7947/16071 [00:35<01:28, 91.50it/s]
Processing k=1:  50%|████▉     | 7957/16071 [00:35<01:33, 87.16it/s]
Processing k=1:  50%|████▉     | 7968/16071 [00:36<01:31, 89.01it/s]
Processing k=1:  50%|████▉     | 7980/16071 [00:36<01:26, 93.85it/s]
Processing k=1:  50%|████▉     | 7990/16071 [00:36<01:39, 80.82it/s]
Processing k=1:  50%|████▉     | 7999/16071 [00:36<01:40, 80.02it/s]
Processing k=1:  50%|████▉     | 8008/16071 [00:36<01:43, 77.72it/s]
Processing k=1:  50%|████▉     | 8016/16071 [00:36<01:47, 75.21it/s]
Processing k=1:  50%|████▉     | 8024/16071 [00:36<01:45, 76.23it/s]
Processing k=1:  50%|████▉     | 8032/16071 [00:36<01:46, 75.20it/s]
Processing k=1:  50%|█████     | 8040/16071 [00:37<01:47, 74.87it/s]
Processing k=1:  50%|█████     | 8048/16071 [00:37<01:45, 75.71it/s]
Processing k=1:  50%|█████     | 8057/16071 [00:37<01:47, 74.70it/s]
Processing k=1:  50%|█████     | 8065/16071 [00:37<01:52, 71.05it/s]
Processing k=1:  50%|█████     | 8074/16071 [00:37<01:47, 74.06it/s]
Processing k=1:  50%|█████     | 8082/16071 [00:37<01:54, 69.99it/s]
Processing k=1:  50%|█████     | 8090/16071 [00:37<01:51, 71.87it/s]
Processing k=1:  50%|█████     | 8098/16071 [00:37<01:55, 69.30it/s]
Processing k=1:  50%|█████     | 8105/16071 [00:37<02:04, 63.78it/s]
Processing k=1:  50%|█████     | 8113/16071 [00:38<02:02, 65.23it/s]
Processing k=1:  51%|█████     | 8120/16071 [00:38<02:00, 66.17it/s]
Processing k=1:  51%|█████     | 8127/16071 [00:38<02:00, 65.86it/s]
Processing k=1:  51%|█████     | 8136/16071 [00:38<01:54, 69.42it/s]
Processing k=1:  51%|█████     | 8148/16071 [00:38<01:42, 77.61it/s]
Processing k=1:  51%|█████     | 8156/16071 [00:38<01:55, 68.74it/s]
Processing k=1:  51%|█████     | 8163/16071 [00:38<02:00, 65.87it/s]
Processing k=1:  51%|█████     | 8170/16071 [00:38<02:15, 58.29it/s]
Processing k=1:  51%|█████     | 8176/16071 [00:39<02:18, 56.86it/s]
Processing k=1:  51%|█████     | 8185/16071 [00:39<02:05, 62.62it/s]
Processing k=1:  51%|█████     | 8195/16071 [00:39<01:49, 71.90it/s]
Processing k=1:  51%|█████     | 8203/16071 [00:39<01:59, 65.85it/s]
Processing k=1:  51%|█████     | 8211/16071 [00:39<01:55, 68.31it/s]
Processing k=1:  51%|█████     | 8219/16071 [00:39<01:51, 70.27it/s]
Processing k=1:  51%|█████     | 8227/16071 [00:39<01:57, 66.90it/s]
Processing k=1:  51%|█████▏    | 8237/16071 [00:39<01:48, 72.38it/s]
Processing k=1:  51%|█████▏    | 8245/16071 [00:40<01:54, 68.41it/s]
Processing k=1:  51%|█████▏    | 8253/16071 [00:40<01:51, 70.43it/s]
Processing k=1:  51%|█████▏    | 8261/16071 [00:40<01:53, 68.98it/s]
Processing k=1:  51%|█████▏    | 8268/16071 [00:40<01:53, 68.85it/s]
Processing k=1:  51%|█████▏    | 8275/16071 [00:40<01:54, 67.87it/s]
Processing k=1:  52%|█████▏    | 8285/16071 [00:40<01:41, 76.42it/s]
Processing k=1:  52%|█████▏    | 8295/16071 [00:40<01:34, 82.14it/s]
Processing k=1:  52%|█████▏    | 8310/16071 [00:40<01:16, 100.89it/s]
Processing k=1:  52%|█████▏    | 8322/16071 [00:40<01:13, 105.58it/s]
Processing k=1:  52%|█████▏    | 8333/16071 [00:41<01:15, 102.47it/s]
Processing k=1:  52%|█████▏    | 8344/16071 [00:41<01:14, 104.28it/s]
Processing k=1:  52%|█████▏    | 8356/16071 [00:41<01:11, 108.51it/s]
Processing k=1:  52%|█████▏    | 8367/16071 [00:41<01:11, 107.05it/s]
Processing k=1:  52%|█████▏    | 8378/16071 [00:41<01:13, 105.28it/s]
Processing k=1:  52%|█████▏    | 8391/16071 [00:41<01:09, 110.60it/s]
Processing k=1:  52%|█████▏    | 8404/16071 [00:41<01:07, 114.18it/s]
Processing k=1:  52%|█████▏    | 8421/16071 [00:41<00:58, 129.68it/s]
Processing k=1:  52%|█████▏    | 8435/16071 [00:41<01:02, 122.11it/s]
Processing k=1:  53%|█████▎    | 8448/16071 [00:42<01:09, 110.19it/s]
Processing k=1:  53%|█████▎    | 8460/16071 [00:42<01:11, 106.52it/s]
Processing k=1:  53%|█████▎    | 8472/16071 [00:42<01:09, 108.62it/s]
Processing k=1:  53%|█████▎    | 8484/16071 [00:42<01:10, 107.47it/s]
Processing k=1:  53%|█████▎    | 8495/16071 [00:42<01:13, 103.00it/s]
Processing k=1:  53%|█████▎    | 8506/16071 [00:42<01:14, 100.96it/s]
Processing k=1:  53%|█████▎    | 8517/16071 [00:42<01:13, 102.67it/s]
Processing k=1:  53%|█████▎    | 8528/16071 [00:42<01:13, 102.91it/s]
Processing k=1:  53%|█████▎    | 8539/16071 [00:42<01:17, 97.30it/s] 
Processing k=1:  53%|█████▎    | 8551/16071 [00:43<01:13, 102.59it/s]
Processing k=1:  53%|█████▎    | 8562/16071 [00:43<01:12, 103.38it/s]
Processing k=1:  53%|█████▎    | 8573/16071 [00:43<01:14, 101.24it/s]
Processing k=1:  53%|█████▎    | 8584/16071 [00:43<01:12, 103.20it/s]
Processing k=1:  53%|█████▎    | 8595/16071 [00:43<01:17, 96.85it/s] 
Processing k=1:  54%|█████▎    | 8607/16071 [00:43<01:13, 102.20it/s]
Processing k=1:  54%|█████▎    | 8618/16071 [00:43<01:13, 101.61it/s]
Processing k=1:  54%|█████▎    | 8629/16071 [00:43<01:14, 100.20it/s]
Processing k=1:  54%|█████▍    | 8640/16071 [00:43<01:14, 99.48it/s] 
Processing k=1:  54%|█████▍    | 8650/16071 [00:44<01:16, 96.69it/s]
Processing k=1:  54%|█████▍    | 8664/16071 [00:44<01:09, 106.56it/s]
Processing k=1:  54%|█████▍    | 8678/16071 [00:44<01:04, 114.23it/s]
Processing k=1:  54%|█████▍    | 8690/16071 [00:44<01:07, 109.73it/s]
Processing k=1:  54%|█████▍    | 8702/16071 [00:44<01:07, 108.70it/s]
Processing k=1:  54%|█████▍    | 8713/16071 [00:44<01:11, 102.65it/s]
Processing k=1:  54%|█████▍    | 8726/16071 [00:44<01:07, 108.84it/s]
Processing k=1:  54%|█████▍    | 8737/16071 [00:44<01:10, 104.03it/s]
Processing k=1:  54%|█████▍    | 8748/16071 [00:44<01:12, 100.81it/s]
Processing k=1:  55%|█████▍    | 8759/16071 [00:45<01:12, 100.68it/s]
Processing k=1:  55%|█████▍    | 8770/16071 [00:45<01:11, 102.03it/s]
Processing k=1:  55%|█████▍    | 8781/16071 [00:45<01:16, 95.50it/s] 
Processing k=1:  55%|█████▍    | 8791/16071 [00:45<01:16, 95.15it/s]
Processing k=1:  55%|█████▍    | 8802/16071 [00:45<01:14, 97.73it/s]
Processing k=1:  55%|█████▍    | 8815/16071 [00:45<01:08, 105.38it/s]
Processing k=1:  55%|█████▍    | 8826/16071 [00:45<01:09, 104.80it/s]
Processing k=1:  55%|█████▍    | 8837/16071 [00:45<01:15, 95.34it/s] 
Processing k=1:  55%|█████▌    | 8847/16071 [00:45<01:19, 90.71it/s]
Processing k=1:  55%|█████▌    | 8857/16071 [00:46<01:23, 85.96it/s]
Processing k=1:  55%|█████▌    | 8868/16071 [00:46<01:18, 91.74it/s]
Processing k=1:  55%|█████▌    | 8878/16071 [00:46<01:18, 91.46it/s]
Processing k=1:  55%|█████▌    | 8888/16071 [00:46<01:19, 89.98it/s]
Processing k=1:  55%|█████▌    | 8901/16071 [00:46<01:11, 99.68it/s]
Processing k=1:  55%|█████▌    | 8912/16071 [00:46<01:10, 102.08it/s]
Processing k=1:  56%|█████▌    | 8923/16071 [00:46<01:12, 98.14it/s] 
Processing k=1:  56%|█████▌    | 8934/16071 [00:46<01:12, 98.44it/s]
Processing k=1:  56%|█████▌    | 8944/16071 [00:46<01:14, 95.59it/s]
Processing k=1:  56%|█████▌    | 8955/16071 [00:47<01:11, 99.15it/s]
Processing k=1:  56%|█████▌    | 8965/16071 [00:47<01:11, 98.95it/s]
Processing k=1:  56%|█████▌    | 8975/16071 [00:47<01:13, 97.08it/s]
Processing k=1:  56%|█████▌    | 8985/16071 [00:47<01:16, 92.73it/s]
Processing k=1:  56%|█████▌    | 8995/16071 [00:47<01:17, 91.78it/s]
Processing k=1:  56%|█████▌    | 9005/16071 [00:47<01:16, 91.89it/s]
Processing k=1:  56%|█████▌    | 9021/16071 [00:47<01:04, 109.87it/s]
Processing k=1:  56%|█████▌    | 9039/16071 [00:47<00:54, 128.55it/s]
Processing k=1:  56%|█████▋    | 9057/16071 [00:47<00:49, 142.26it/s]
Processing k=1:  56%|█████▋    | 9077/16071 [00:48<00:44, 157.12it/s]
Processing k=1:  57%|█████▋    | 9094/16071 [00:48<00:45, 154.18it/s]
Processing k=1:  57%|█████▋    | 9110/16071 [00:48<00:47, 146.42it/s]
Processing k=1:  57%|█████▋    | 9130/16071 [00:48<00:43, 158.81it/s]
Processing k=1:  57%|█████▋    | 9147/16071 [00:48<00:44, 157.17it/s]
Processing k=1:  57%|█████▋    | 9163/16071 [00:48<00:43, 157.79it/s]
Processing k=1:  57%|█████▋    | 9179/16071 [00:48<00:46, 146.73it/s]
Processing k=1:  57%|█████▋    | 9194/16071 [00:48<00:48, 142.77it/s]
Processing k=1:  57%|█████▋    | 9212/16071 [00:48<00:46, 148.42it/s]
Processing k=1:  57%|█████▋    | 9230/16071 [00:49<00:44, 152.10it/s]
Processing k=1:  58%|█████▊    | 9246/16071 [00:49<00:51, 132.50it/s]
Processing k=1:  58%|█████▊    | 9260/16071 [00:49<00:51, 133.41it/s]
Processing k=1:  58%|█████▊    | 9274/16071 [00:49<00:51, 131.14it/s]
Processing k=1:  58%|█████▊    | 9298/16071 [00:49<00:42, 158.33it/s]
Processing k=1:  58%|█████▊    | 9315/16071 [00:49<00:44, 151.67it/s]
Processing k=1:  58%|█████▊    | 9331/16071 [00:49<00:46, 144.32it/s]
Processing k=1:  58%|█████▊    | 9348/16071 [00:49<00:44, 150.48it/s]
Processing k=1:  58%|█████▊    | 9364/16071 [00:50<00:48, 137.98it/s]
Processing k=1:  58%|█████▊    | 9379/16071 [00:50<00:48, 138.93it/s]
Processing k=1:  58%|█████▊    | 9394/16071 [00:50<00:48, 137.13it/s]
Processing k=1:  59%|█████▊    | 9408/16071 [00:50<00:53, 124.59it/s]
Processing k=1:  59%|█████▊    | 9422/16071 [00:50<00:51, 128.57it/s]
Processing k=1:  59%|█████▊    | 9440/16071 [00:50<00:46, 142.34it/s]
Processing k=1:  59%|█████▉    | 9455/16071 [00:50<00:46, 142.39it/s]
Processing k=1:  59%|█████▉    | 9470/16071 [00:50<00:47, 139.99it/s]
Processing k=1:  59%|█████▉    | 9488/16071 [00:50<00:44, 148.13it/s]
Processing k=1:  59%|█████▉    | 9503/16071 [00:51<00:47, 138.91it/s]
Processing k=1:  59%|█████▉    | 9518/16071 [00:51<00:48, 135.44it/s]
Processing k=1:  59%|█████▉    | 9532/16071 [00:51<00:52, 123.95it/s]
Processing k=1:  59%|█████▉    | 9545/16071 [00:51<00:57, 114.21it/s]
Processing k=1:  59%|█████▉    | 9557/16071 [00:51<01:02, 104.53it/s]
Processing k=1:  60%|█████▉    | 9568/16071 [00:51<01:08, 95.06it/s] 
Processing k=1:  60%|█████▉    | 9578/16071 [00:51<01:15, 85.86it/s]
Processing k=1:  60%|█████▉    | 9588/16071 [00:52<01:16, 84.29it/s]
Processing k=1:  60%|█████▉    | 9601/16071 [00:52<01:09, 92.55it/s]
Processing k=1:  60%|█████▉    | 9611/16071 [00:52<01:13, 87.33it/s]
Processing k=1:  60%|█████▉    | 9620/16071 [00:52<01:15, 85.50it/s]
Processing k=1:  60%|█████▉    | 9629/16071 [00:52<01:17, 83.46it/s]
Processing k=1:  60%|█████▉    | 9639/16071 [00:52<01:14, 86.26it/s]
Processing k=1:  60%|██████    | 9648/16071 [00:52<01:15, 84.64it/s]
Processing k=1:  60%|██████    | 9657/16071 [00:52<01:22, 77.94it/s]
Processing k=1:  60%|██████    | 9665/16071 [00:52<01:23, 76.32it/s]
Processing k=1:  60%|██████    | 9674/16071 [00:53<01:20, 79.41it/s]
Processing k=1:  60%|██████    | 9683/16071 [00:53<01:24, 75.31it/s]
Processing k=1:  60%|██████    | 9693/16071 [00:53<01:20, 79.35it/s]
Processing k=1:  60%|██████    | 9702/16071 [00:53<01:26, 73.27it/s]
Processing k=1:  60%|██████    | 9711/16071 [00:53<01:23, 76.17it/s]
Processing k=1:  61%|██████    | 9724/16071 [00:53<01:11, 88.47it/s]
Processing k=1:  61%|██████    | 9734/16071 [00:53<01:16, 82.54it/s]
Processing k=1:  61%|██████    | 9748/16071 [00:53<01:05, 95.95it/s]
Processing k=1:  61%|██████    | 9760/16071 [00:54<01:02, 100.75it/s]
Processing k=1:  61%|██████    | 9775/16071 [00:54<00:55, 114.15it/s]
Processing k=1:  61%|██████    | 9787/16071 [00:54<01:02, 100.99it/s]
Processing k=1:  61%|██████    | 9798/16071 [00:54<01:05, 95.30it/s] 
Processing k=1:  61%|██████    | 9808/16071 [00:54<01:07, 92.98it/s]
Processing k=1:  61%|██████    | 9818/16071 [00:54<01:08, 91.03it/s]
Processing k=1:  61%|██████    | 9828/16071 [00:54<01:24, 73.49it/s]
Processing k=1:  61%|██████    | 9837/16071 [00:54<01:23, 74.92it/s]
Processing k=1:  61%|██████▏   | 9846/16071 [00:55<01:20, 77.20it/s]
Processing k=1:  61%|██████▏   | 9855/16071 [00:55<01:26, 72.20it/s]
Processing k=1:  61%|██████▏   | 9863/16071 [00:55<01:24, 73.64it/s]
Processing k=1:  61%|██████▏   | 9874/16071 [00:55<01:15, 81.82it/s]
Processing k=1:  61%|██████▏   | 9883/16071 [00:55<01:15, 81.57it/s]
Processing k=1:  62%|██████▏   | 9892/16071 [00:55<01:16, 81.23it/s]
Processing k=1:  62%|██████▏   | 9901/16071 [00:55<01:16, 80.85it/s]
Processing k=1:  62%|██████▏   | 9910/16071 [00:55<01:16, 80.32it/s]
Processing k=1:  62%|██████▏   | 9920/16071 [00:55<01:11, 85.56it/s]
Processing k=1:  62%|██████▏   | 9929/16071 [00:56<01:16, 80.37it/s]
Processing k=1:  62%|██████▏   | 9938/16071 [00:56<01:15, 80.86it/s]
Processing k=1:  62%|██████▏   | 9947/16071 [00:56<01:21, 75.00it/s]
Processing k=1:  62%|██████▏   | 9957/16071 [00:56<01:16, 79.99it/s]
Processing k=1:  62%|██████▏   | 9966/16071 [00:56<01:20, 75.41it/s]
Processing k=1:  62%|██████▏   | 9975/16071 [00:56<01:20, 75.34it/s]
Processing k=1:  62%|██████▏   | 9984/16071 [00:56<01:19, 76.74it/s]
Processing k=1:  62%|██████▏   | 9992/16071 [00:56<01:18, 77.37it/s]
Processing k=1:  62%|██████▏   | 10000/16071 [00:57<01:21, 74.53it/s]
Processing k=1:  62%|██████▏   | 10009/16071 [00:57<01:18, 77.02it/s]
Processing k=1:  62%|██████▏   | 10018/16071 [00:57<01:20, 75.31it/s]
Processing k=1:  62%|██████▏   | 10026/16071 [00:57<01:21, 74.32it/s]
Processing k=1:  62%|██████▏   | 10034/16071 [00:57<01:32, 65.43it/s]
Processing k=1:  62%|██████▏   | 10041/16071 [00:57<01:33, 64.29it/s]
Processing k=1:  63%|██████▎   | 10048/16071 [00:57<01:35, 62.96it/s]
Processing k=1:  63%|██████▎   | 10055/16071 [00:57<01:36, 62.46it/s]
Processing k=1:  63%|██████▎   | 10063/16071 [00:57<01:31, 65.72it/s]
Processing k=1:  63%|██████▎   | 10070/16071 [00:58<01:45, 57.02it/s]
Processing k=1:  63%|██████▎   | 10078/16071 [00:58<01:35, 62.61it/s]
Processing k=1:  63%|██████▎   | 10087/16071 [00:58<01:26, 69.06it/s]
Processing k=1:  63%|██████▎   | 10096/16071 [00:58<01:20, 74.19it/s]
Processing k=1:  63%|██████▎   | 10104/16071 [00:58<01:22, 72.52it/s]
Processing k=1:  63%|██████▎   | 10116/16071 [00:58<01:12, 81.89it/s]
Processing k=1:  63%|██████▎   | 10125/16071 [00:58<01:26, 68.40it/s]
Processing k=1:  63%|██████▎   | 10133/16071 [00:58<01:30, 65.80it/s]
Processing k=1:  63%|██████▎   | 10140/16071 [00:59<01:35, 61.89it/s]
Processing k=1:  63%|██████▎   | 10148/16071 [00:59<01:30, 65.73it/s]
Processing k=1:  63%|██████▎   | 10159/16071 [00:59<01:18, 75.09it/s]
Processing k=1:  63%|██████▎   | 10169/16071 [00:59<01:12, 81.57it/s]
Processing k=1:  63%|██████▎   | 10178/16071 [00:59<01:19, 74.04it/s]
Processing k=1:  63%|██████▎   | 10186/16071 [00:59<01:21, 72.46it/s]
Processing k=1:  63%|██████▎   | 10194/16071 [00:59<01:19, 74.05it/s]
Processing k=1:  63%|██████▎   | 10203/16071 [00:59<01:17, 75.39it/s]
Processing k=1:  64%|██████▎   | 10214/16071 [01:00<01:11, 81.79it/s]
Processing k=1:  64%|██████▎   | 10228/16071 [01:00<01:00, 97.08it/s]
Processing k=1:  64%|██████▎   | 10240/16071 [01:00<00:56, 103.02it/s]
Processing k=1:  64%|██████▍   | 10258/16071 [01:00<00:46, 124.05it/s]
Processing k=1:  64%|██████▍   | 10273/16071 [01:00<00:45, 126.50it/s]
Processing k=1:  64%|██████▍   | 10286/16071 [01:00<00:50, 114.65it/s]
Processing k=1:  64%|██████▍   | 10300/16071 [01:00<00:47, 121.30it/s]
Processing k=1:  64%|██████▍   | 10315/16071 [01:00<00:45, 126.54it/s]
Processing k=1:  64%|██████▍   | 10333/16071 [01:00<00:40, 141.23it/s]
Processing k=1:  64%|██████▍   | 10351/16071 [01:01<00:38, 150.12it/s]
Processing k=1:  65%|██████▍   | 10367/16071 [01:01<00:40, 139.62it/s]
Processing k=1:  65%|██████▍   | 10384/16071 [01:01<00:38, 146.67it/s]
Processing k=1:  65%|██████▍   | 10399/16071 [01:01<00:43, 130.98it/s]
Processing k=1:  65%|██████▍   | 10415/16071 [01:01<00:41, 135.18it/s]
Processing k=1:  65%|██████▍   | 10432/16071 [01:01<00:39, 143.57it/s]
Processing k=1:  65%|██████▌   | 10448/16071 [01:01<00:38, 145.43it/s]
Processing k=1:  65%|██████▌   | 10463/16071 [01:01<00:39, 140.65it/s]
Processing k=1:  65%|██████▌   | 10478/16071 [01:01<00:41, 135.99it/s]
Processing k=1:  65%|██████▌   | 10492/16071 [01:02<00:40, 137.02it/s]
Processing k=1:  65%|██████▌   | 10506/16071 [01:02<00:41, 135.45it/s]
Processing k=1:  65%|██████▌   | 10524/16071 [01:02<00:37, 146.75it/s]
Processing k=1:  66%|██████▌   | 10539/16071 [01:02<00:37, 145.71it/s]
Processing k=1:  66%|██████▌   | 10554/16071 [01:02<00:37, 145.78it/s]
Processing k=1:  66%|██████▌   | 10569/16071 [01:02<00:41, 133.14it/s]
Processing k=1:  66%|██████▌   | 10584/16071 [01:02<00:39, 137.18it/s]
Processing k=1:  66%|██████▌   | 10599/16071 [01:02<00:39, 139.39it/s]
Processing k=1:  66%|██████▌   | 10614/16071 [01:02<00:39, 136.74it/s]
Processing k=1:  66%|██████▌   | 10628/16071 [01:03<00:40, 135.65it/s]
Processing k=1:  66%|██████▌   | 10642/16071 [01:03<00:40, 135.25it/s]
Processing k=1:  66%|██████▋   | 10656/16071 [01:03<00:39, 136.11it/s]
Processing k=1:  66%|██████▋   | 10671/16071 [01:03<00:39, 138.14it/s]
Processing k=1:  66%|██████▋   | 10685/16071 [01:03<00:38, 138.17it/s]
Processing k=1:  67%|██████▋   | 10700/16071 [01:03<00:38, 140.35it/s]
Processing k=1:  67%|██████▋   | 10716/16071 [01:03<00:37, 143.97it/s]
Processing k=1:  67%|██████▋   | 10732/16071 [01:03<00:36, 145.81it/s]
Processing k=1:  67%|██████▋   | 10747/16071 [01:03<00:38, 137.12it/s]
Processing k=1:  67%|██████▋   | 10761/16071 [01:04<00:43, 123.11it/s]
Processing k=1:  67%|██████▋   | 10774/16071 [01:04<00:44, 118.07it/s]
Processing k=1:  67%|██████▋   | 10787/16071 [01:04<00:44, 117.93it/s]
Processing k=1:  67%|██████▋   | 10799/16071 [01:04<00:46, 113.95it/s]
Processing k=1:  67%|██████▋   | 10813/16071 [01:04<00:45, 116.52it/s]
Processing k=1:  67%|██████▋   | 10827/16071 [01:04<00:43, 120.03it/s]
Processing k=1:  67%|██████▋   | 10840/16071 [01:04<00:43, 120.23it/s]
Processing k=1:  68%|██████▊   | 10857/16071 [01:04<00:40, 128.54it/s]
Processing k=1:  68%|██████▊   | 10870/16071 [01:04<00:40, 127.83it/s]
Processing k=1:  68%|██████▊   | 10885/16071 [01:05<00:39, 132.55it/s]
Processing k=1:  68%|██████▊   | 10903/16071 [01:05<00:35, 143.88it/s]
Processing k=1:  68%|██████▊   | 10918/16071 [01:05<00:37, 138.88it/s]
Processing k=1:  68%|██████▊   | 10932/16071 [01:05<00:37, 135.68it/s]
Processing k=1:  68%|██████▊   | 10946/16071 [01:05<00:43, 116.61it/s]
Processing k=1:  68%|██████▊   | 10959/16071 [01:05<00:44, 115.39it/s]
Processing k=1:  68%|██████▊   | 10972/16071 [01:05<00:43, 117.64it/s]
Processing k=1:  68%|██████▊   | 10986/16071 [01:05<00:42, 119.44it/s]
Processing k=1:  68%|██████▊   | 11002/16071 [01:05<00:39, 129.48it/s]
Processing k=1:  69%|██████▊   | 11016/16071 [01:06<00:40, 126.30it/s]
Processing k=1:  69%|██████▊   | 11029/16071 [01:06<00:40, 126.02it/s]
Processing k=1:  69%|██████▊   | 11042/16071 [01:06<00:39, 125.93it/s]
Processing k=1:  69%|██████▉   | 11055/16071 [01:06<00:40, 124.45it/s]
Processing k=1:  69%|██████▉   | 11068/16071 [01:06<00:40, 123.54it/s]
Processing k=1:  69%|██████▉   | 11081/16071 [01:06<00:42, 117.49it/s]
Processing k=1:  69%|██████▉   | 11094/16071 [01:06<00:41, 120.75it/s]
Processing k=1:  69%|██████▉   | 11107/16071 [01:06<00:42, 118.08it/s]
Processing k=1:  69%|██████▉   | 11122/16071 [01:06<00:39, 123.92it/s]
Processing k=1:  69%|██████▉   | 11135/16071 [01:07<00:41, 118.42it/s]
Processing k=1:  69%|██████▉   | 11147/16071 [01:07<00:44, 110.40it/s]
Processing k=1:  69%|██████▉   | 11159/16071 [01:07<00:45, 107.38it/s]
Processing k=1:  70%|██████▉   | 11170/16071 [01:07<00:46, 106.08it/s]
Processing k=1:  70%|██████▉   | 11181/16071 [01:07<00:47, 103.11it/s]
Processing k=1:  70%|██████▉   | 11194/16071 [01:07<00:45, 108.28it/s]
Processing k=1:  70%|██████▉   | 11207/16071 [01:07<00:43, 112.05it/s]
Processing k=1:  70%|██████▉   | 11220/16071 [01:07<00:41, 116.30it/s]
Processing k=1:  70%|██████▉   | 11232/16071 [01:07<00:46, 104.23it/s]
Processing k=1:  70%|██████▉   | 11243/16071 [01:08<00:46, 104.70it/s]
Processing k=1:  70%|███████   | 11254/16071 [01:08<00:46, 102.98it/s]
Processing k=1:  70%|███████   | 11268/16071 [01:08<00:43, 109.74it/s]
Processing k=1:  70%|███████   | 11280/16071 [01:08<00:47, 101.88it/s]
Processing k=1:  70%|███████   | 11291/16071 [01:08<00:46, 103.55it/s]
Processing k=1:  70%|███████   | 11302/16071 [01:08<00:46, 103.41it/s]
Processing k=1:  70%|███████   | 11314/16071 [01:08<00:44, 107.43it/s]
Processing k=1:  70%|███████   | 11325/16071 [01:08<00:45, 103.79it/s]
Processing k=1:  71%|███████   | 11336/16071 [01:08<00:44, 105.23it/s]
Processing k=1:  71%|███████   | 11347/16071 [01:09<00:49, 95.32it/s] 
Processing k=1:  71%|███████   | 11357/16071 [01:09<00:50, 94.15it/s]
Processing k=1:  71%|███████   | 11369/16071 [01:09<00:47, 99.05it/s]
Processing k=1:  71%|███████   | 11382/16071 [01:09<00:45, 103.73it/s]
Processing k=1:  71%|███████   | 11395/16071 [01:09<00:44, 105.09it/s]
Processing k=1:  71%|███████   | 11409/16071 [01:09<00:41, 112.12it/s]
Processing k=1:  71%|███████   | 11422/16071 [01:09<00:40, 115.69it/s]
Processing k=1:  71%|███████   | 11434/16071 [01:09<00:39, 116.58it/s]
Processing k=1:  71%|███████   | 11446/16071 [01:10<00:42, 108.72it/s]
Processing k=1:  71%|███████▏  | 11458/16071 [01:10<00:42, 109.77it/s]
Processing k=1:  71%|███████▏  | 11473/16071 [01:10<00:38, 120.07it/s]
Processing k=1:  71%|███████▏  | 11486/16071 [01:10<00:39, 115.38it/s]
Processing k=1:  72%|███████▏  | 11498/16071 [01:10<00:39, 114.77it/s]
Processing k=1:  72%|███████▏  | 11510/16071 [01:10<00:40, 113.05it/s]
Processing k=1:  72%|███████▏  | 11529/16071 [01:10<00:34, 132.03it/s]
Processing k=1:  72%|███████▏  | 11543/16071 [01:10<00:39, 114.21it/s]
Processing k=1:  72%|███████▏  | 11556/16071 [01:10<00:38, 117.42it/s]
Processing k=1:  72%|███████▏  | 11569/16071 [01:11<00:39, 112.85it/s]
Processing k=1:  72%|███████▏  | 11581/16071 [01:11<00:39, 113.04it/s]
Processing k=1:  72%|███████▏  | 11593/16071 [01:11<00:39, 112.52it/s]
Processing k=1:  72%|███████▏  | 11605/16071 [01:11<00:40, 111.06it/s]
Processing k=1:  72%|███████▏  | 11617/16071 [01:11<00:39, 112.23it/s]
Processing k=1:  72%|███████▏  | 11629/16071 [01:11<00:42, 104.96it/s]
Processing k=1:  72%|███████▏  | 11640/16071 [01:11<00:43, 101.22it/s]
Processing k=1:  73%|███████▎  | 11653/16071 [01:11<00:41, 106.84it/s]
Processing k=1:  73%|███████▎  | 11664/16071 [01:11<00:42, 104.39it/s]
Processing k=1:  73%|███████▎  | 11677/16071 [01:12<00:40, 108.32it/s]
Processing k=1:  73%|███████▎  | 11692/16071 [01:12<00:37, 115.49it/s]
Processing k=1:  73%|███████▎  | 11704/16071 [01:12<00:37, 116.28it/s]
Processing k=1:  73%|███████▎  | 11716/16071 [01:12<00:39, 110.26it/s]
Processing k=1:  73%|███████▎  | 11728/16071 [01:12<00:40, 106.20it/s]
Processing k=1:  73%|███████▎  | 11739/16071 [01:12<00:43, 98.74it/s] 
Processing k=1:  73%|███████▎  | 11751/16071 [01:12<00:41, 103.91it/s]
Processing k=1:  73%|███████▎  | 11762/16071 [01:12<00:41, 104.72it/s]
Processing k=1:  73%|███████▎  | 11775/16071 [01:12<00:39, 108.83it/s]
Processing k=1:  73%|███████▎  | 11786/16071 [01:13<00:40, 106.88it/s]
Processing k=1:  73%|███████▎  | 11797/16071 [01:13<00:41, 103.11it/s]
Processing k=1:  73%|███████▎  | 11808/16071 [01:13<00:43, 97.87it/s] 
Processing k=1:  74%|███████▎  | 11819/16071 [01:13<00:43, 98.19it/s]
Processing k=1:  74%|███████▎  | 11830/16071 [01:13<00:42, 99.30it/s]
Processing k=1:  74%|███████▎  | 11842/16071 [01:13<00:40, 103.47it/s]
Processing k=1:  74%|███████▍  | 11857/16071 [01:13<00:36, 114.51it/s]
Processing k=1:  74%|███████▍  | 11869/16071 [01:13<00:37, 111.97it/s]
Processing k=1:  74%|███████▍  | 11882/16071 [01:13<00:36, 115.38it/s]
Processing k=1:  74%|███████▍  | 11894/16071 [01:14<00:36, 113.54it/s]
Processing k=1:  74%|███████▍  | 11908/16071 [01:14<00:34, 120.73it/s]
Processing k=1:  74%|███████▍  | 11921/16071 [01:14<00:37, 109.48it/s]
Processing k=1:  74%|███████▍  | 11934/16071 [01:14<00:36, 112.75it/s]
Processing k=1:  74%|███████▍  | 11946/16071 [01:14<00:37, 110.20it/s]
Processing k=1:  74%|███████▍  | 11958/16071 [01:14<00:38, 108.12it/s]
Processing k=1:  74%|███████▍  | 11969/16071 [01:14<00:45, 90.80it/s] 
Processing k=1:  75%|███████▍  | 11981/16071 [01:14<00:42, 95.80it/s]
Processing k=1:  75%|███████▍  | 11992/16071 [01:15<00:42, 96.00it/s]
Processing k=1:  75%|███████▍  | 12002/16071 [01:15<00:42, 95.18it/s]
Processing k=1:  75%|███████▍  | 12017/16071 [01:15<00:37, 108.59it/s]
Processing k=1:  75%|███████▍  | 12031/16071 [01:15<00:34, 116.17it/s]
Processing k=1:  75%|███████▍  | 12043/16071 [01:15<00:36, 108.94it/s]
Processing k=1:  75%|███████▌  | 12055/16071 [01:15<00:39, 101.80it/s]
Processing k=1:  75%|███████▌  | 12066/16071 [01:15<00:39, 101.28it/s]
Processing k=1:  75%|███████▌  | 12079/16071 [01:15<00:37, 106.67it/s]
Processing k=1:  75%|███████▌  | 12092/16071 [01:15<00:36, 109.82it/s]
Processing k=1:  75%|███████▌  | 12104/16071 [01:16<00:37, 106.11it/s]
Processing k=1:  75%|███████▌  | 12116/16071 [01:16<00:36, 109.75it/s]
Processing k=1:  75%|███████▌  | 12128/16071 [01:16<00:41, 95.98it/s] 
Processing k=1:  76%|███████▌  | 12138/16071 [01:16<00:42, 93.27it/s]
Processing k=1:  76%|███████▌  | 12148/16071 [01:16<00:43, 89.84it/s]
Processing k=1:  76%|███████▌  | 12161/16071 [01:16<00:39, 98.95it/s]
Processing k=1:  76%|███████▌  | 12172/16071 [01:16<00:38, 101.74it/s]
Processing k=1:  76%|███████▌  | 12186/16071 [01:16<00:35, 110.82it/s]
Processing k=1:  76%|███████▌  | 12198/16071 [01:17<00:36, 106.59it/s]
Processing k=1:  76%|███████▌  | 12212/16071 [01:17<00:34, 111.33it/s]
Processing k=1:  76%|███████▌  | 12224/16071 [01:17<00:34, 110.96it/s]
Processing k=1:  76%|███████▌  | 12239/16071 [01:17<00:31, 120.76it/s]
Processing k=1:  76%|███████▌  | 12252/16071 [01:17<00:31, 119.52it/s]
Processing k=1:  76%|███████▋  | 12265/16071 [01:17<00:32, 118.54it/s]
Processing k=1:  76%|███████▋  | 12277/16071 [01:17<00:32, 114.99it/s]
Processing k=1:  77%|███████▋  | 12296/16071 [01:17<00:28, 131.90it/s]
Processing k=1:  77%|███████▋  | 12310/16071 [01:17<00:29, 127.04it/s]
Processing k=1:  77%|███████▋  | 12324/16071 [01:18<00:28, 129.56it/s]
Processing k=1:  77%|███████▋  | 12338/16071 [01:18<00:31, 118.95it/s]
Processing k=1:  77%|███████▋  | 12352/16071 [01:18<00:30, 123.25it/s]
Processing k=1:  77%|███████▋  | 12365/16071 [01:18<00:30, 120.21it/s]
Processing k=1:  77%|███████▋  | 12378/16071 [01:18<00:35, 103.55it/s]
Processing k=1:  77%|███████▋  | 12392/16071 [01:18<00:33, 110.23it/s]
Processing k=1:  77%|███████▋  | 12404/16071 [01:18<00:33, 110.52it/s]
Processing k=1:  77%|███████▋  | 12418/16071 [01:18<00:32, 112.44it/s]
Processing k=1:  77%|███████▋  | 12430/16071 [01:19<00:37, 97.25it/s] 
Processing k=1:  77%|███████▋  | 12445/16071 [01:19<00:33, 108.26it/s]
Processing k=1:  78%|███████▊  | 12457/16071 [01:19<00:36, 99.78it/s] 
Processing k=1:  78%|███████▊  | 12468/16071 [01:19<00:35, 101.52it/s]
Processing k=1:  78%|███████▊  | 12479/16071 [01:19<00:35, 101.85it/s]
Processing k=1:  78%|███████▊  | 12492/16071 [01:19<00:33, 106.84it/s]
Processing k=1:  78%|███████▊  | 12505/16071 [01:19<00:31, 112.37it/s]
Processing k=1:  78%|███████▊  | 12517/16071 [01:19<00:34, 102.46it/s]
Processing k=1:  78%|███████▊  | 12531/16071 [01:19<00:31, 112.14it/s]
Processing k=1:  78%|███████▊  | 12543/16071 [01:20<00:33, 106.74it/s]
Processing k=1:  78%|███████▊  | 12554/16071 [01:20<00:34, 102.78it/s]
Processing k=1:  78%|███████▊  | 12566/16071 [01:20<00:33, 105.83it/s]
Processing k=1:  78%|███████▊  | 12578/16071 [01:20<00:33, 103.68it/s]
Processing k=1:  78%|███████▊  | 12589/16071 [01:20<00:35, 98.04it/s] 
Processing k=1:  78%|███████▊  | 12599/16071 [01:20<00:41, 84.16it/s]
Processing k=1:  78%|███████▊  | 12612/16071 [01:20<00:36, 93.79it/s]
Processing k=1:  79%|███████▊  | 12624/16071 [01:20<00:34, 99.45it/s]
Processing k=1:  79%|███████▊  | 12637/16071 [01:21<00:32, 106.49it/s]
Processing k=1:  79%|███████▊  | 12648/16071 [01:21<00:33, 102.56it/s]
Processing k=1:  79%|███████▉  | 12659/16071 [01:21<00:33, 102.31it/s]
Processing k=1:  79%|███████▉  | 12675/16071 [01:21<00:29, 114.45it/s]
Processing k=1:  79%|███████▉  | 12688/16071 [01:21<00:29, 116.31it/s]
Processing k=1:  79%|███████▉  | 12700/16071 [01:21<00:30, 110.88it/s]
Processing k=1:  79%|███████▉  | 12712/16071 [01:21<00:32, 104.93it/s]
Processing k=1:  79%|███████▉  | 12727/16071 [01:21<00:29, 112.78it/s]
Processing k=1:  79%|███████▉  | 12739/16071 [01:21<00:29, 112.63it/s]
Processing k=1:  79%|███████▉  | 12751/16071 [01:22<00:31, 107.08it/s]
Processing k=1:  79%|███████▉  | 12762/16071 [01:22<00:33, 98.72it/s] 
Processing k=1:  79%|███████▉  | 12774/16071 [01:22<00:32, 100.87it/s]
Processing k=1:  80%|███████▉  | 12785/16071 [01:22<00:35, 93.61it/s] 
Processing k=1:  80%|███████▉  | 12798/16071 [01:22<00:32, 102.17it/s]
Processing k=1:  80%|███████▉  | 12809/16071 [01:22<00:31, 103.59it/s]
Processing k=1:  80%|███████▉  | 12820/16071 [01:22<00:31, 103.52it/s]
Processing k=1:  80%|███████▉  | 12831/16071 [01:22<00:30, 104.72it/s]
Processing k=1:  80%|███████▉  | 12842/16071 [01:23<00:32, 100.31it/s]
Processing k=1:  80%|███████▉  | 12854/16071 [01:23<00:31, 103.62it/s]
Processing k=1:  80%|████████  | 12866/16071 [01:23<00:30, 106.41it/s]
Processing k=1:  80%|████████  | 12877/16071 [01:23<00:30, 103.38it/s]
Processing k=1:  80%|████████  | 12889/16071 [01:23<00:30, 104.56it/s]
Processing k=1:  80%|████████  | 12900/16071 [01:23<00:33, 95.71it/s] 
Processing k=1:  80%|████████  | 12912/16071 [01:23<00:31, 99.71it/s]
Processing k=1:  80%|████████  | 12923/16071 [01:23<00:34, 90.02it/s]
Processing k=1:  80%|████████  | 12935/16071 [01:23<00:32, 95.97it/s]
Processing k=1:  81%|████████  | 12949/16071 [01:24<00:29, 104.92it/s]
Processing k=1:  81%|████████  | 12960/16071 [01:24<00:29, 104.25it/s]
Processing k=1:  81%|████████  | 12971/16071 [01:24<00:31, 99.64it/s] 
Processing k=1:  81%|████████  | 12983/16071 [01:24<00:30, 102.76it/s]
Processing k=1:  81%|████████  | 12994/16071 [01:24<00:29, 104.26it/s]
Processing k=1:  81%|████████  | 13005/16071 [01:24<00:30, 100.07it/s]
Processing k=1:  81%|████████  | 13016/16071 [01:24<00:30, 100.11it/s]
Processing k=1:  81%|████████  | 13028/16071 [01:24<00:29, 103.69it/s]
Processing k=1:  81%|████████  | 13039/16071 [01:24<00:30, 99.79it/s] 
Processing k=1:  81%|████████  | 13050/16071 [01:25<00:29, 101.10it/s]
Processing k=1:  81%|████████▏ | 13061/16071 [01:25<00:32, 93.61it/s] 
Processing k=1:  81%|████████▏ | 13071/16071 [01:25<00:31, 94.03it/s]
Processing k=1:  81%|████████▏ | 13081/16071 [01:25<00:43, 68.59it/s]
Processing k=1:  81%|████████▏ | 13089/16071 [01:25<00:51, 58.36it/s]
Processing k=1:  81%|████████▏ | 13097/16071 [01:25<00:48, 60.94it/s]
Processing k=1:  82%|████████▏ | 13104/16071 [01:26<00:54, 54.65it/s]
Processing k=1:  82%|████████▏ | 13110/16071 [01:26<00:59, 50.12it/s]
Processing k=1:  82%|████████▏ | 13117/16071 [01:26<00:56, 52.30it/s]
Processing k=1:  82%|████████▏ | 13123/16071 [01:26<00:54, 53.64it/s]
Processing k=1:  82%|████████▏ | 13130/16071 [01:26<00:51, 57.50it/s]
Processing k=1:  82%|████████▏ | 13137/16071 [01:26<00:57, 51.09it/s]
Processing k=1:  82%|████████▏ | 13143/16071 [01:26<01:07, 43.15it/s]
Processing k=1:  82%|████████▏ | 13148/16071 [01:27<01:11, 41.08it/s]
Processing k=1:  82%|████████▏ | 13153/16071 [01:27<01:08, 42.75it/s]
Processing k=1:  82%|████████▏ | 13158/16071 [01:27<01:08, 42.78it/s]
Processing k=1:  82%|████████▏ | 13163/16071 [01:27<01:09, 41.55it/s]
Processing k=1:  82%|████████▏ | 13169/16071 [01:27<01:06, 43.64it/s]
Processing k=1:  82%|████████▏ | 13175/16071 [01:27<01:01, 47.12it/s]
Processing k=1:  82%|████████▏ | 13180/16071 [01:27<01:01, 46.79it/s]
Processing k=1:  82%|████████▏ | 13186/16071 [01:27<01:00, 47.86it/s]
Processing k=1:  82%|████████▏ | 13191/16071 [01:27<01:02, 45.73it/s]
Processing k=1:  82%|████████▏ | 13196/16071 [01:28<01:01, 46.48it/s]
Processing k=1:  82%|████████▏ | 13201/16071 [01:28<01:07, 42.46it/s]
Processing k=1:  82%|████████▏ | 13206/16071 [01:28<01:05, 43.96it/s]
Processing k=1:  82%|████████▏ | 13211/16071 [01:28<01:03, 45.17it/s]
Processing k=1:  82%|████████▏ | 13216/16071 [01:28<01:11, 39.85it/s]
Processing k=1:  82%|████████▏ | 13224/16071 [01:28<00:57, 49.21it/s]
Processing k=1:  82%|████████▏ | 13230/16071 [01:28<00:58, 48.30it/s]
Processing k=1:  82%|████████▏ | 13236/16071 [01:28<00:59, 47.78it/s]
Processing k=1:  82%|████████▏ | 13241/16071 [01:29<01:06, 42.32it/s]
Processing k=1:  82%|████████▏ | 13249/16071 [01:29<00:55, 51.09it/s]
Processing k=1:  82%|████████▏ | 13255/16071 [01:29<00:54, 51.27it/s]
Processing k=1:  83%|████████▎ | 13261/16071 [01:29<00:58, 48.33it/s]
Processing k=1:  83%|████████▎ | 13267/16071 [01:29<00:59, 47.50it/s]
Processing k=1:  83%|████████▎ | 13275/16071 [01:29<00:52, 53.48it/s]
Processing k=1:  83%|████████▎ | 13281/16071 [01:29<00:52, 53.65it/s]
Processing k=1:  83%|████████▎ | 13287/16071 [01:29<00:51, 54.56it/s]
Processing k=1:  83%|████████▎ | 13293/16071 [01:30<00:59, 46.70it/s]
Processing k=1:  83%|████████▎ | 13298/16071 [01:30<01:01, 44.89it/s]
Processing k=1:  83%|████████▎ | 13303/16071 [01:30<01:03, 43.73it/s]
Processing k=1:  83%|████████▎ | 13308/16071 [01:30<01:01, 45.08it/s]
Processing k=1:  83%|████████▎ | 13313/16071 [01:30<01:05, 42.10it/s]
Processing k=1:  83%|████████▎ | 13319/16071 [01:30<01:01, 44.66it/s]
Processing k=1:  83%|████████▎ | 13324/16071 [01:30<01:06, 41.12it/s]
Processing k=1:  83%|████████▎ | 13329/16071 [01:30<01:11, 38.60it/s]
Processing k=1:  83%|████████▎ | 13334/16071 [01:31<01:09, 39.18it/s]
Processing k=1:  83%|████████▎ | 13339/16071 [01:31<01:09, 39.43it/s]
Processing k=1:  83%|████████▎ | 13343/16071 [01:31<01:09, 39.42it/s]
Processing k=1:  83%|████████▎ | 13349/16071 [01:31<01:01, 44.09it/s]
Processing k=1:  83%|████████▎ | 13354/16071 [01:31<00:59, 45.50it/s]
Processing k=1:  83%|████████▎ | 13359/16071 [01:31<01:03, 42.48it/s]
Processing k=1:  83%|████████▎ | 13364/16071 [01:31<01:01, 44.08it/s]
Processing k=1:  83%|████████▎ | 13369/16071 [01:31<01:02, 43.44it/s]
Processing k=1:  83%|████████▎ | 13375/16071 [01:32<00:56, 47.65it/s]
Processing k=1:  83%|████████▎ | 13380/16071 [01:32<01:03, 42.69it/s]
Processing k=1:  83%|████████▎ | 13385/16071 [01:32<01:04, 41.63it/s]
Processing k=1:  83%|████████▎ | 13393/16071 [01:32<00:54, 49.36it/s]
Processing k=1:  83%|████████▎ | 13399/16071 [01:32<00:54, 49.33it/s]
Processing k=1:  83%|████████▎ | 13408/16071 [01:32<00:45, 58.12it/s]
Processing k=1:  83%|████████▎ | 13414/16071 [01:32<00:54, 48.46it/s]
Processing k=1:  84%|████████▎ | 13420/16071 [01:32<01:00, 43.54it/s]
Processing k=1:  84%|████████▎ | 13426/16071 [01:33<01:01, 42.98it/s]
Processing k=1:  84%|████████▎ | 13431/16071 [01:33<00:59, 44.54it/s]
Processing k=1:  84%|████████▎ | 13436/16071 [01:33<01:01, 43.18it/s]
Processing k=1:  84%|████████▎ | 13441/16071 [01:33<01:03, 41.26it/s]
Processing k=1:  84%|████████▎ | 13447/16071 [01:33<00:57, 45.79it/s]
Processing k=1:  84%|████████▎ | 13452/16071 [01:33<00:58, 45.13it/s]
Processing k=1:  84%|████████▎ | 13458/16071 [01:33<00:53, 49.00it/s]
Processing k=1:  84%|████████▍ | 13464/16071 [01:33<00:51, 50.71it/s]
Processing k=1:  84%|████████▍ | 13470/16071 [01:34<00:55, 47.11it/s]
Processing k=1:  84%|████████▍ | 13475/16071 [01:34<01:05, 39.64it/s]
Processing k=1:  84%|████████▍ | 13481/16071 [01:34<01:00, 42.81it/s]
Processing k=1:  84%|████████▍ | 13486/16071 [01:34<00:58, 44.16it/s]
Processing k=1:  84%|████████▍ | 13491/16071 [01:34<01:00, 42.99it/s]
Processing k=1:  84%|████████▍ | 13496/16071 [01:34<00:57, 44.59it/s]
Processing k=1:  84%|████████▍ | 13501/16071 [01:34<01:00, 42.38it/s]
Processing k=1:  84%|████████▍ | 13507/16071 [01:34<00:55, 46.53it/s]
Processing k=1:  84%|████████▍ | 13512/16071 [01:35<01:08, 37.42it/s]
Processing k=1:  84%|████████▍ | 13518/16071 [01:35<01:01, 41.70it/s]
Processing k=1:  84%|████████▍ | 13523/16071 [01:35<00:58, 43.72it/s]
Processing k=1:  84%|████████▍ | 13528/16071 [01:35<00:56, 45.14it/s]
Processing k=1:  84%|████████▍ | 13533/16071 [01:35<00:56, 44.97it/s]
Processing k=1:  84%|████████▍ | 13538/16071 [01:35<00:57, 43.72it/s]
Processing k=1:  84%|████████▍ | 13547/16071 [01:35<00:47, 53.22it/s]
Processing k=1:  84%|████████▍ | 13555/16071 [01:35<00:43, 57.74it/s]
Processing k=1:  84%|████████▍ | 13564/16071 [01:36<00:37, 66.11it/s]
Processing k=1:  84%|████████▍ | 13571/16071 [01:36<00:40, 62.19it/s]
Processing k=1:  84%|████████▍ | 13578/16071 [01:36<00:40, 61.79it/s]
Processing k=1:  85%|████████▍ | 13585/16071 [01:36<00:43, 56.73it/s]
Processing k=1:  85%|████████▍ | 13592/16071 [01:36<00:42, 58.44it/s]
Processing k=1:  85%|████████▍ | 13602/16071 [01:36<00:36, 68.48it/s]
Processing k=1:  85%|████████▍ | 13610/16071 [01:36<00:35, 69.15it/s]
Processing k=1:  85%|████████▍ | 13618/16071 [01:36<00:39, 61.64it/s]
Processing k=1:  85%|████████▍ | 13628/16071 [01:36<00:34, 71.08it/s]
Processing k=1:  85%|████████▍ | 13637/16071 [01:37<00:32, 75.81it/s]
Processing k=1:  85%|████████▍ | 13645/16071 [01:37<00:32, 73.97it/s]
Processing k=1:  85%|████████▍ | 13653/16071 [01:37<00:32, 74.81it/s]
Processing k=1:  85%|████████▌ | 13663/16071 [01:37<00:30, 79.20it/s]
Processing k=1:  85%|████████▌ | 13672/16071 [01:37<00:29, 80.29it/s]
Processing k=1:  85%|████████▌ | 13681/16071 [01:37<00:32, 74.45it/s]
Processing k=1:  85%|████████▌ | 13690/16071 [01:37<00:30, 77.09it/s]
Processing k=1:  85%|████████▌ | 13699/16071 [01:37<00:30, 77.42it/s]
Processing k=1:  85%|████████▌ | 13707/16071 [01:38<00:31, 74.76it/s]
Processing k=1:  85%|████████▌ | 13715/16071 [01:38<00:40, 58.36it/s]
Processing k=1:  85%|████████▌ | 13722/16071 [01:38<00:40, 57.44it/s]
Processing k=1:  85%|████████▌ | 13729/16071 [01:38<00:42, 55.67it/s]
Processing k=1:  85%|████████▌ | 13735/16071 [01:38<00:43, 53.78it/s]
Processing k=1:  86%|████████▌ | 13741/16071 [01:38<00:46, 49.96it/s]
Processing k=1:  86%|████████▌ | 13747/16071 [01:38<00:45, 50.69it/s]
Processing k=1:  86%|████████▌ | 13753/16071 [01:39<00:47, 48.45it/s]
Processing k=1:  86%|████████▌ | 13758/16071 [01:39<00:50, 45.93it/s]
Processing k=1:  86%|████████▌ | 13764/16071 [01:39<00:50, 45.63it/s]
Processing k=1:  86%|████████▌ | 13771/16071 [01:39<00:45, 50.40it/s]
Processing k=1:  86%|████████▌ | 13777/16071 [01:39<00:47, 48.08it/s]
Processing k=1:  86%|████████▌ | 13782/16071 [01:39<00:48, 47.67it/s]
Processing k=1:  86%|████████▌ | 13787/16071 [01:39<00:47, 47.72it/s]
Processing k=1:  86%|████████▌ | 13792/16071 [01:39<00:49, 45.94it/s]
Processing k=1:  86%|████████▌ | 13797/16071 [01:39<00:49, 46.12it/s]
Processing k=1:  86%|████████▌ | 13804/16071 [01:40<00:44, 51.14it/s]
Processing k=1:  86%|████████▌ | 13810/16071 [01:40<00:48, 46.37it/s]
Processing k=1:  86%|████████▌ | 13815/16071 [01:40<00:49, 45.19it/s]
Processing k=1:  86%|████████▌ | 13821/16071 [01:40<00:47, 47.06it/s]
Processing k=1:  86%|████████▌ | 13827/16071 [01:40<00:45, 49.82it/s]
Processing k=1:  86%|████████▌ | 13833/16071 [01:40<00:45, 49.23it/s]
Processing k=1:  86%|████████▌ | 13838/16071 [01:40<00:47, 47.31it/s]
Processing k=1:  86%|████████▌ | 13844/16071 [01:40<00:45, 49.22it/s]
Processing k=1:  86%|████████▌ | 13849/16071 [01:41<00:49, 45.19it/s]
Processing k=1:  86%|████████▌ | 13854/16071 [01:41<00:51, 43.00it/s]
Processing k=1:  86%|████████▌ | 13859/16071 [01:41<00:50, 43.83it/s]
Processing k=1:  86%|████████▋ | 13864/16071 [01:41<00:49, 44.32it/s]
Processing k=1:  86%|████████▋ | 13869/16071 [01:41<00:49, 44.79it/s]
Processing k=1:  86%|████████▋ | 13874/16071 [01:41<00:49, 44.59it/s]
Processing k=1:  86%|████████▋ | 13879/16071 [01:41<00:56, 38.47it/s]
Processing k=1:  86%|████████▋ | 13884/16071 [01:41<00:56, 38.94it/s]
Processing k=1:  86%|████████▋ | 13893/16071 [01:42<00:43, 49.96it/s]
Processing k=1:  86%|████████▋ | 13900/16071 [01:42<00:39, 54.64it/s]
Processing k=1:  87%|████████▋ | 13906/16071 [01:42<00:45, 48.09it/s]
Processing k=1:  87%|████████▋ | 13912/16071 [01:42<00:42, 50.55it/s]
Processing k=1:  87%|████████▋ | 13918/16071 [01:42<00:42, 51.23it/s]
Processing k=1:  87%|████████▋ | 13925/16071 [01:42<00:41, 51.71it/s]
Processing k=1:  87%|████████▋ | 13931/16071 [01:42<00:46, 46.37it/s]
Processing k=1:  87%|████████▋ | 13938/16071 [01:42<00:42, 50.48it/s]
Processing k=1:  87%|████████▋ | 13944/16071 [01:43<00:44, 47.58it/s]
Processing k=1:  87%|████████▋ | 13957/16071 [01:43<00:32, 65.31it/s]
Processing k=1:  87%|████████▋ | 13966/16071 [01:43<00:29, 70.27it/s]
Processing k=1:  87%|████████▋ | 13976/16071 [01:43<00:27, 77.13it/s]
Processing k=1:  87%|████████▋ | 13984/16071 [01:43<00:27, 76.58it/s]
Processing k=1:  87%|████████▋ | 13992/16071 [01:43<00:27, 75.87it/s]
Processing k=1:  87%|████████▋ | 14000/16071 [01:43<00:28, 73.36it/s]
Processing k=1:  87%|████████▋ | 14008/16071 [01:43<00:28, 72.50it/s]
Processing k=1:  87%|████████▋ | 14016/16071 [01:43<00:27, 74.00it/s]
Processing k=1:  87%|████████▋ | 14024/16071 [01:44<00:27, 75.58it/s]
Processing k=1:  87%|████████▋ | 14032/16071 [01:44<00:27, 75.16it/s]
Processing k=1:  87%|████████▋ | 14040/16071 [01:44<00:29, 69.91it/s]
Processing k=1:  87%|████████▋ | 14048/16071 [01:44<00:31, 64.16it/s]
Processing k=1:  87%|████████▋ | 14055/16071 [01:44<00:33, 59.45it/s]
Processing k=1:  87%|████████▋ | 14062/16071 [01:44<00:32, 61.52it/s]
Processing k=1:  88%|████████▊ | 14069/16071 [01:44<00:36, 55.39it/s]
Processing k=1:  88%|████████▊ | 14075/16071 [01:44<00:37, 53.35it/s]
Processing k=1:  88%|████████▊ | 14081/16071 [01:45<00:38, 51.52it/s]
Processing k=1:  88%|████████▊ | 14087/16071 [01:45<00:38, 52.02it/s]
Processing k=1:  88%|████████▊ | 14093/16071 [01:45<00:39, 50.67it/s]
Processing k=1:  88%|████████▊ | 14099/16071 [01:45<00:39, 49.35it/s]
Processing k=1:  88%|████████▊ | 14106/16071 [01:45<00:38, 50.79it/s]
Processing k=1:  88%|████████▊ | 14112/16071 [01:45<00:39, 49.18it/s]
Processing k=1:  88%|████████▊ | 14117/16071 [01:45<00:40, 47.92it/s]
Processing k=1:  88%|████████▊ | 14123/16071 [01:45<00:38, 50.36it/s]
Processing k=1:  88%|████████▊ | 14129/16071 [01:46<00:43, 44.83it/s]
Processing k=1:  88%|████████▊ | 14135/16071 [01:46<00:40, 48.39it/s]
Processing k=1:  88%|████████▊ | 14143/16071 [01:46<00:34, 55.82it/s]
Processing k=1:  88%|████████▊ | 14149/16071 [01:46<00:36, 51.99it/s]
Processing k=1:  88%|████████▊ | 14155/16071 [01:46<00:42, 45.61it/s]
Processing k=1:  88%|████████▊ | 14160/16071 [01:46<00:43, 44.09it/s]
Processing k=1:  88%|████████▊ | 14166/16071 [01:46<00:42, 44.44it/s]
Processing k=1:  88%|████████▊ | 14171/16071 [01:46<00:42, 45.18it/s]
Processing k=1:  88%|████████▊ | 14177/16071 [01:47<00:39, 48.47it/s]
Processing k=1:  88%|████████▊ | 14182/16071 [01:47<00:39, 47.95it/s]
Processing k=1:  88%|████████▊ | 14187/16071 [01:47<00:39, 47.63it/s]
Processing k=1:  88%|████████▊ | 14192/16071 [01:47<00:41, 45.06it/s]
Processing k=1:  88%|████████▊ | 14197/16071 [01:47<00:41, 45.50it/s]
Processing k=1:  88%|████████▊ | 14202/16071 [01:47<00:42, 43.68it/s]
Processing k=1:  88%|████████▊ | 14207/16071 [01:47<00:42, 44.05it/s]
Processing k=1:  88%|████████▊ | 14212/16071 [01:47<00:41, 44.40it/s]
Processing k=1:  88%|████████▊ | 14217/16071 [01:48<00:45, 40.48it/s]
Processing k=1:  88%|████████▊ | 14222/16071 [01:48<00:43, 42.36it/s]
Processing k=1:  89%|████████▊ | 14227/16071 [01:48<00:43, 42.38it/s]
Processing k=1:  89%|████████▊ | 14232/16071 [01:48<00:41, 44.04it/s]
Processing k=1:  89%|████████▊ | 14239/16071 [01:48<00:37, 49.35it/s]
Processing k=1:  89%|████████▊ | 14247/16071 [01:48<00:33, 54.60it/s]
Processing k=1:  89%|████████▊ | 14255/16071 [01:48<00:29, 60.82it/s]
Processing k=1:  89%|████████▉ | 14264/16071 [01:48<00:26, 67.92it/s]
Processing k=1:  89%|████████▉ | 14275/16071 [01:48<00:24, 72.05it/s]
Processing k=1:  89%|████████▉ | 14283/16071 [01:49<00:26, 66.52it/s]
Processing k=1:  89%|████████▉ | 14290/16071 [01:49<00:33, 53.39it/s]
Processing k=1:  89%|████████▉ | 14297/16071 [01:49<00:31, 56.13it/s]
Processing k=1:  89%|████████▉ | 14305/16071 [01:49<00:28, 61.20it/s]
Processing k=1:  89%|████████▉ | 14312/16071 [01:49<00:30, 58.56it/s]
Processing k=1:  89%|████████▉ | 14319/16071 [01:49<00:29, 58.67it/s]
Processing k=1:  89%|████████▉ | 14327/16071 [01:49<00:28, 61.82it/s]
Processing k=1:  89%|████████▉ | 14334/16071 [01:49<00:29, 58.01it/s]
Processing k=1:  89%|████████▉ | 14342/16071 [01:50<00:27, 61.98it/s]
Processing k=1:  89%|████████▉ | 14349/16071 [01:50<00:33, 51.23it/s]
Processing k=1:  89%|████████▉ | 14355/16071 [01:50<00:34, 49.38it/s]
Processing k=1:  89%|████████▉ | 14361/16071 [01:50<00:38, 44.09it/s]
Processing k=1:  89%|████████▉ | 14366/16071 [01:50<00:37, 45.30it/s]
Processing k=1:  89%|████████▉ | 14371/16071 [01:50<00:38, 44.47it/s]
Processing k=1:  89%|████████▉ | 14376/16071 [01:50<00:42, 39.95it/s]
Processing k=1:  89%|████████▉ | 14382/16071 [01:51<00:38, 43.46it/s]
Processing k=1:  90%|████████▉ | 14389/16071 [01:51<00:35, 47.68it/s]
Processing k=1:  90%|████████▉ | 14395/16071 [01:51<00:33, 50.12it/s]
Processing k=1:  90%|████████▉ | 14401/16071 [01:51<00:34, 48.52it/s]
Processing k=1:  90%|████████▉ | 14406/16071 [01:51<00:34, 48.07it/s]
Processing k=1:  90%|████████▉ | 14411/16071 [01:51<00:35, 46.32it/s]
Processing k=1:  90%|████████▉ | 14417/16071 [01:51<00:33, 48.72it/s]
Processing k=1:  90%|████████▉ | 14422/16071 [01:51<00:36, 45.21it/s]
Processing k=1:  90%|████████▉ | 14430/16071 [01:52<00:31, 52.49it/s]
Processing k=1:  90%|████████▉ | 14436/16071 [01:52<00:30, 53.37it/s]
Processing k=1:  90%|████████▉ | 14442/16071 [01:52<00:32, 50.01it/s]
Processing k=1:  90%|████████▉ | 14448/16071 [01:52<00:33, 48.22it/s]
Processing k=1:  90%|████████▉ | 14453/16071 [01:52<00:37, 42.83it/s]
Processing k=1:  90%|████████▉ | 14458/16071 [01:52<00:37, 43.11it/s]
Processing k=1:  90%|████████▉ | 14463/16071 [01:52<00:38, 41.43it/s]
Processing k=1:  90%|█████████ | 14471/16071 [01:52<00:32, 49.20it/s]
Processing k=1:  90%|█████████ | 14477/16071 [01:53<00:35, 45.20it/s]
Processing k=1:  90%|█████████ | 14484/16071 [01:53<00:31, 49.96it/s]
Processing k=1:  90%|█████████ | 14490/16071 [01:53<00:33, 46.65it/s]
Processing k=1:  90%|█████████ | 14497/16071 [01:53<00:33, 47.53it/s]
Processing k=1:  90%|█████████ | 14502/16071 [01:53<00:33, 47.49it/s]
Processing k=1:  90%|█████████ | 14513/16071 [01:53<00:25, 61.83it/s]
Processing k=1:  90%|█████████ | 14520/16071 [01:53<00:25, 60.13it/s]
Processing k=1:  90%|█████████ | 14528/16071 [01:53<00:23, 64.72it/s]
Processing k=1:  90%|█████████ | 14537/16071 [01:54<00:22, 67.78it/s]
Processing k=1:  91%|█████████ | 14547/16071 [01:54<00:20, 73.69it/s]
Processing k=1:  91%|█████████ | 14555/16071 [01:54<00:21, 69.38it/s]
Processing k=1:  91%|█████████ | 14564/16071 [01:54<00:20, 73.89it/s]
Processing k=1:  91%|█████████ | 14572/16071 [01:54<00:20, 74.58it/s]
Processing k=1:  91%|█████████ | 14580/16071 [01:54<00:20, 71.30it/s]
Processing k=1:  91%|█████████ | 14589/16071 [01:54<00:19, 76.24it/s]
Processing k=1:  91%|█████████ | 14597/16071 [01:54<00:19, 75.32it/s]
Processing k=1:  91%|█████████ | 14605/16071 [01:54<00:20, 71.70it/s]
Processing k=1:  91%|█████████ | 14613/16071 [01:55<00:19, 72.98it/s]
Processing k=1:  91%|█████████ | 14621/16071 [01:55<00:21, 67.71it/s]
Processing k=1:  91%|█████████ | 14630/16071 [01:55<00:19, 73.20it/s]
Processing k=1:  91%|█████████ | 14641/16071 [01:55<00:17, 82.56it/s]
Processing k=1:  91%|█████████ | 14650/16071 [01:55<00:18, 76.75it/s]
Processing k=1:  91%|█████████ | 14658/16071 [01:55<00:21, 65.67it/s]
Processing k=1:  91%|█████████▏| 14666/16071 [01:55<00:21, 66.86it/s]
Processing k=1:  91%|█████████▏| 14675/16071 [01:55<00:19, 72.66it/s]
Processing k=1:  91%|█████████▏| 14683/16071 [01:56<00:19, 71.38it/s]
Processing k=1:  91%|█████████▏| 14691/16071 [01:56<00:20, 66.53it/s]
Processing k=1:  91%|█████████▏| 14699/16071 [01:56<00:20, 66.79it/s]
Processing k=1:  92%|█████████▏| 14708/16071 [01:56<00:19, 70.77it/s]
Processing k=1:  92%|█████████▏| 14717/16071 [01:56<00:17, 75.69it/s]
Processing k=1:  92%|█████████▏| 14728/16071 [01:56<00:16, 81.96it/s]
Processing k=1:  92%|█████████▏| 14737/16071 [01:56<00:15, 83.47it/s]
Processing k=1:  92%|█████████▏| 14747/16071 [01:56<00:15, 84.55it/s]
Processing k=1:  92%|█████████▏| 14756/16071 [01:57<00:16, 77.92it/s]
Processing k=1:  92%|█████████▏| 14764/16071 [01:57<00:17, 74.65it/s]
Processing k=1:  92%|█████████▏| 14773/16071 [01:57<00:16, 76.71it/s]
Processing k=1:  92%|█████████▏| 14783/16071 [01:57<00:15, 82.93it/s]
Processing k=1:  92%|█████████▏| 14792/16071 [01:57<00:15, 82.32it/s]
Processing k=1:  92%|█████████▏| 14801/16071 [01:57<00:15, 80.24it/s]
Processing k=1:  92%|█████████▏| 14810/16071 [01:57<00:15, 82.13it/s]
Processing k=1:  92%|█████████▏| 14820/16071 [01:57<00:15, 82.05it/s]
Processing k=1:  92%|█████████▏| 14829/16071 [01:57<00:15, 81.68it/s]
Processing k=1:  92%|█████████▏| 14838/16071 [01:58<00:16, 76.48it/s]
Processing k=1:  92%|█████████▏| 14846/16071 [01:58<00:16, 74.11it/s]
Processing k=1:  92%|█████████▏| 14855/16071 [01:58<00:16, 75.02it/s]
Processing k=1:  92%|█████████▏| 14863/16071 [01:58<00:15, 76.33it/s]
Processing k=1:  93%|█████████▎| 14871/16071 [01:58<00:16, 71.51it/s]
Processing k=1:  93%|█████████▎| 14880/16071 [01:58<00:15, 75.30it/s]
Processing k=1:  93%|█████████▎| 14890/16071 [01:58<00:14, 79.27it/s]
Processing k=1:  93%|█████████▎| 14898/16071 [01:58<00:15, 76.79it/s]
Processing k=1:  93%|█████████▎| 14906/16071 [01:58<00:16, 71.48it/s]
Processing k=1:  93%|█████████▎| 14914/16071 [01:59<00:16, 70.27it/s]
Processing k=1:  93%|█████████▎| 14922/16071 [01:59<00:16, 69.65it/s]
Processing k=1:  93%|█████████▎| 14931/16071 [01:59<00:15, 74.50it/s]
Processing k=1:  93%|█████████▎| 14939/16071 [01:59<00:17, 64.62it/s]
Processing k=1:  93%|█████████▎| 14946/16071 [01:59<00:17, 64.43it/s]
Processing k=1:  93%|█████████▎| 14954/16071 [01:59<00:16, 68.10it/s]
Processing k=1:  93%|█████████▎| 14965/16071 [01:59<00:14, 76.88it/s]
Processing k=1:  93%|█████████▎| 14973/16071 [01:59<00:14, 76.70it/s]
Processing k=1:  93%|█████████▎| 14981/16071 [01:59<00:14, 76.80it/s]
Processing k=1:  93%|█████████▎| 14991/16071 [02:00<00:13, 81.27it/s]
Processing k=1:  93%|█████████▎| 15000/16071 [02:00<00:13, 82.36it/s]
Processing k=1:  93%|█████████▎| 15009/16071 [02:00<00:14, 73.68it/s]
Processing k=1:  93%|█████████▎| 15017/16071 [02:00<00:14, 72.15it/s]
Processing k=1:  93%|█████████▎| 15025/16071 [02:00<00:14, 70.78it/s]
Processing k=1:  94%|█████████▎| 15036/16071 [02:00<00:12, 80.36it/s]
Processing k=1:  94%|█████████▎| 15045/16071 [02:00<00:12, 80.12it/s]
Processing k=1:  94%|█████████▎| 15054/16071 [02:00<00:13, 73.98it/s]
Processing k=1:  94%|█████████▎| 15064/16071 [02:01<00:12, 79.17it/s]
Processing k=1:  94%|█████████▍| 15073/16071 [02:01<00:15, 65.92it/s]
Processing k=1:  94%|█████████▍| 15086/16071 [02:01<00:12, 78.07it/s]
Processing k=1:  94%|█████████▍| 15100/16071 [02:01<00:10, 92.38it/s]
Processing k=1:  94%|█████████▍| 15117/16071 [02:01<00:08, 110.39it/s]
Processing k=1:  94%|█████████▍| 15129/16071 [02:01<00:08, 107.60it/s]
Processing k=1:  94%|█████████▍| 15143/16071 [02:01<00:08, 115.85it/s]
Processing k=1:  94%|█████████▍| 15156/16071 [02:01<00:07, 118.09it/s]
Processing k=1:  94%|█████████▍| 15169/16071 [02:02<00:08, 108.02it/s]
Processing k=1:  95%|█████████▍| 15188/16071 [02:02<00:07, 124.26it/s]
Processing k=1:  95%|█████████▍| 15201/16071 [02:02<00:07, 123.97it/s]
Processing k=1:  95%|█████████▍| 15214/16071 [02:02<00:07, 122.15it/s]
Processing k=1:  95%|█████████▍| 15231/16071 [02:02<00:06, 133.50it/s]
Processing k=1:  95%|█████████▍| 15247/16071 [02:02<00:06, 135.30it/s]
Processing k=1:  95%|█████████▍| 15261/16071 [02:02<00:05, 136.35it/s]
Processing k=1:  95%|█████████▌| 15276/16071 [02:02<00:05, 133.92it/s]
Processing k=1:  95%|█████████▌| 15291/16071 [02:02<00:05, 137.54it/s]
Processing k=1:  95%|█████████▌| 15321/16071 [02:03<00:04, 178.80it/s]
Processing k=1:  95%|█████████▌| 15339/16071 [02:03<00:04, 149.48it/s]
Processing k=1:  96%|█████████▌| 15381/16071 [02:03<00:03, 213.42it/s]
Processing k=1:  96%|█████████▌| 15404/16071 [02:03<00:03, 213.27it/s]
Processing k=1:  96%|█████████▌| 15427/16071 [02:03<00:03, 196.35it/s]
Processing k=1:  96%|█████████▌| 15454/16071 [02:03<00:02, 210.26it/s]
Processing k=1:  96%|█████████▋| 15476/16071 [02:03<00:03, 186.90it/s]
Processing k=1:  97%|█████████▋| 15511/16071 [02:03<00:02, 224.82it/s]
Processing k=1:  97%|█████████▋| 15535/16071 [02:04<00:02, 180.34it/s]
Processing k=1:  97%|█████████▋| 15556/16071 [02:04<00:03, 165.43it/s]
Processing k=1:  97%|█████████▋| 15582/16071 [02:04<00:02, 184.75it/s]
Processing k=1:  97%|█████████▋| 15610/16071 [02:04<00:02, 207.11it/s]
Processing k=1:  97%|█████████▋| 15633/16071 [02:04<00:02, 169.13it/s]
Processing k=1:  97%|█████████▋| 15659/16071 [02:04<00:02, 186.55it/s]
Processing k=1:  98%|█████████▊| 15680/16071 [02:04<00:02, 187.14it/s]
Processing k=1:  98%|█████████▊| 15701/16071 [02:05<00:02, 174.93it/s]
Processing k=1:  98%|█████████▊| 15722/16071 [02:05<00:01, 181.13it/s]
Processing k=1:  98%|█████████▊| 15741/16071 [02:05<00:02, 164.97it/s]
Processing k=1:  98%|█████████▊| 15759/16071 [02:05<00:02, 140.27it/s]
Processing k=1:  98%|█████████▊| 15775/16071 [02:05<00:02, 130.02it/s]
Processing k=1:  98%|█████████▊| 15794/16071 [02:05<00:01, 140.80it/s]
Processing k=1:  98%|█████████▊| 15812/16071 [02:05<00:01, 147.84it/s]
Processing k=1:  99%|█████████▊| 15837/16071 [02:05<00:01, 169.54it/s]
Processing k=1:  99%|█████████▊| 15855/16071 [02:06<00:01, 164.82it/s]
Processing k=1:  99%|█████████▉| 15872/16071 [02:06<00:01, 146.63it/s]
Processing k=1:  99%|█████████▉| 15888/16071 [02:06<00:01, 124.15it/s]
Processing k=1:  99%|█████████▉| 15902/16071 [02:06<00:01, 118.35it/s]
Processing k=1:  99%|█████████▉| 15915/16071 [02:06<00:01, 117.99it/s]
Processing k=1:  99%|█████████▉| 15928/16071 [02:06<00:01, 114.88it/s]
Processing k=1:  99%|█████████▉| 15944/16071 [02:06<00:01, 123.45it/s]
Processing k=1:  99%|█████████▉| 15963/16071 [02:06<00:00, 140.30it/s]
Processing k=1:  99%|█████████▉| 15979/16071 [02:07<00:00, 143.14it/s]
Processing k=1: 100%|█████████▉| 15994/16071 [02:07<00:00, 126.93it/s]
Processing k=1: 100%|█████████▉| 16008/16071 [02:07<00:00, 116.93it/s]
Processing k=1: 100%|█████████▉| 16021/16071 [02:07<00:00, 114.51it/s]
Processing k=1: 100%|█████████▉| 16034/16071 [02:07<00:00, 113.46it/s]
Processing k=1: 100%|█████████▉| 16046/16071 [02:07<00:00, 111.32it/s]
Processing k=1: 100%|█████████▉| 16062/16071 [02:07<00:00, 123.82it/s]
Processing k=1: 100%|██████████| 16071/16071 [02:07<00:00, 125.61it/s]
('algorithm',)组合支持度为: 0.051459
('feature extraction',)组合支持度为: 0.088109
('data mining',)组合支持度为: 0.404455
('task analysis',)组合支持度为: 0.035468
('prediction',)组合支持度为: 0.052953
('classification',)组合支持度为: 0.086118
('model',)组合支持度为: 0.055441
('expression',)组合支持度为: 0.026818
('machine learning',)组合支持度为: 0.091967
('deep learning',)组合支持度为: 0.043681
('optimization',)组合支持度为: 0.034285
('big data',)组合支持度为: 0.042686
('data models',)组合支持度为: 0.025325
('system',)组合支持度为: 0.033165
('feature selection',)组合支持度为: 0.026445
('identification',)组合支持度为: 0.025138
====================================频繁2-项集挖掘====================================

Processing k=2:   0%|          | 0/16071 [00:00<?, ?it/s]
Processing k=2: 100%|██████████| 16071/16071 [00:00<00:00, 230667.77it/s]
('machine learning', 'data mining')组合支持度为: 0.049219
('feature extraction', 'data mining')组合支持度为: 0.082509
('data mining', 'classification')组合支持度为: 0.039823
('task analysis', 'data mining')组合支持度为: 0.028499
====================================频繁3-项集挖掘====================================

Processing k=3:   0%|          | 0/16071 [00:00<?, ?it/s]
Processing k=3: 100%|██████████| 16071/16071 [00:00<00:00, 751995.93it/s]
Apriori算法结束,在2-项集终止
频繁集为:
[('machine learning', 'data mining'), ('feature extraction', 'data mining'), ('data mining', 'classification'), ('task analysis', 'data mining')]
支持度为:
[0.04921909028685209, 0.08250886690311741, 0.039823284176466925, 0.028498537738784146]
================================================================================
频繁项集:  [('machine learning', 'data mining'), ('feature extraction', 'data mining'), ('data mining', 'classification'), ('task analysis', 'data mining')]
关联规则:  [(('machine learning',), ('data mining',)), (('data mining',), ('machine learning',)), (('feature extraction',), ('data mining',)), (('data mining',), ('feature extraction',)), (('data mining',), ('classification',)), (('classification',), ('data mining',)), (('task analysis',), ('data mining',)), (('data mining',), ('task analysis',))]
规则 {'machine learning'} => {'data mining'} 的置信度为: 0.535183
规则 {'data mining'} => {'machine learning'} 的置信度为: 0.121692
规则 {'feature extraction'} => {'data mining'} 的置信度为: 0.936441
规则 {'data mining'} => {'feature extraction'} 的置信度为: 0.204000
规则 {'data mining'} => {'classification'} 的置信度为: 0.098462
规则 {'classification'} => {'data mining'} 的置信度为: 0.462428
规则 {'task analysis'} => {'data mining'} 的置信度为: 0.903509
规则 {'data mining'} => {'task analysis'} 的置信度为: 0.079231
强关联规则:  [({'feature extraction'}, {'data mining'}), ({'task analysis'}, {'data mining'})]
规则 {'feature extraction'} => {'data mining'} 的提升度为: 2.315314
规则 {'task analysis'} => {'data mining'} 的提升度为: 2.233891
有用的强关联规则:  [({'feature extraction'}, {'data mining'}), ({'task analysis'}, {'data mining'})]
+-------+--------------------+-------------+--------------------+--------------------+
| index |    antecedence     | consequence |     confidence     |        lift        |
+-------+--------------------+-------------+--------------------+--------------------+
|   1   | feature extraction | data mining | 0.9364406779661016 | 2.3153135593220338 |
|   2   |   task analysis    | data mining | 0.9035087719298246 | 2.2338906882591094 |
+-------+--------------------+-------------+--------------------+--------------------+
